Using pre-set license
Built from '2020.3/staging' branch; Version is '2020.3.13f1 (71691879b7f5) revision 7432472'; Using compiler version '192528614'; Build Type 'Release'
OS: 'Windows 10 Pro; OS build 19043.1083; Version 2009; 64bit' Language: 'es' Physical Memory: 32685 MB
BatchMode: 1, IsHumanControllingUs: 0, StartBugReporterOnCrash: 0, Is64bit: 1, IsPro: 0

 COMMAND LINE ARGUMENTS:
D:\Program Files (x86)\Unity Editors\2020.3.13f1\Editor\Unity.exe
-adb2
-batchMode
-noUpm
-name
AssetImportWorker0
-projectPath
D:/Oscar Mendoza Toledo/Documents/Unity Projects/Prehistoria Virtual
-logFile
Logs/AssetImportWorker0.log
-srvPort
65362
Successfully changed project path to: D:/Oscar Mendoza Toledo/Documents/Unity Projects/Prehistoria Virtual
D:/Oscar Mendoza Toledo/Documents/Unity Projects/Prehistoria Virtual
Using Asset Import Pipeline V2.
Refreshing native plugins compatible for Editor in 34.15 ms, found 2 plugins.
Preloading 0 native plugins for Editor in 0.00 ms.
Initialize engine version: 2020.3.13f1 (71691879b7f5)
[Subsystems] Discovering subsystems at path D:/Program Files (x86)/Unity Editors/2020.3.13f1/Editor/Data/Resources/UnitySubsystems
[Subsystems] Discovering subsystems at path D:/Oscar Mendoza Toledo/Documents/Unity Projects/Prehistoria Virtual/Assets
GfxDevice: creating device client; threaded=0
Direct3D:
    Version:  Direct3D 11.0 [level 11.1]
    Renderer: NVIDIA GeForce RTX 3070 (ID=0x2484)
    Vendor:   
    VRAM:     8043 MB
    Driver:   27.21.14.6611
Initialize mono
Mono path[0] = 'D:/Program Files (x86)/Unity Editors/2020.3.13f1/Editor/Data/Managed'
Mono path[1] = 'D:/Program Files (x86)/Unity Editors/2020.3.13f1/Editor/Data/MonoBleedingEdge/lib/mono/unityjit'
Mono config path = 'D:/Program Files (x86)/Unity Editors/2020.3.13f1/Editor/Data/MonoBleedingEdge/etc'
Using monoOptions --debugger-agent=transport=dt_socket,embedding=1,server=y,suspend=n,address=127.0.0.1:56860
Begin MonoManager ReloadAssembly
Registering precompiled unity dll's ...
Register platform support module: D:/Program Files (x86)/Unity Editors/2020.3.13f1/Editor/Data/PlaybackEngines/WindowsStandaloneSupport/UnityEditor.WindowsStandalone.Extensions.dll
Registered in 0.000709 seconds.
Native extension for WindowsStandalone target not found
Refreshing native plugins compatible for Editor in 34.73 ms, found 2 plugins.
Preloading 0 native plugins for Editor in 0.00 ms.
Mono: successfully reloaded assembly
- Completed reload, in  0.629 seconds
Platform modules already initialized, skipping
Registering precompiled user dll's ...
Registered in 0.002036 seconds.
Begin MonoManager ReloadAssembly
Native extension for WindowsStandalone target not found
Refreshing native plugins compatible for Editor in 0.40 ms, found 2 plugins.
Preloading 0 native plugins for Editor in 0.00 ms.
Mono: successfully reloaded assembly
- Completed reload, in  0.787 seconds
Platform modules already initialized, skipping
========================================================================
Worker process is ready to serve import requests
Launched and connected shader compiler UnityShaderCompiler.exe after 0.03 seconds
Refreshing native plugins compatible for Editor in 0.72 ms, found 2 plugins.
Preloading 0 native plugins for Editor in 0.00 ms.
Unloading 2038 Unused Serialized files (Serialized files now loaded: 0)
System memory in use before: 162.2 MB.
System memory in use after: 159.8 MB.

Unloading 115 unused Assets to reduce memory usage. Loaded Objects now: 2438.
Total: 4.457300 ms (FindLiveObjects: 0.225400 ms CreateObjectMapping: 0.085700 ms MarkObjects: 2.445200 ms  DeleteObjects: 1.699500 ms)

AssetImportParameters requested are different than current active one (requested -> active):
  custom:framework-win-MediaFoundation: 216162199b28c13a410421893ffa2e32 -> 
  custom:video-decoder-ogg-theora: a1e56fd34408186e4bbccfd4996cb3dc -> 
  custom:container-muxer-webm: aa71ff27fc2769a1b78a27578f13a17b -> 
  custom:container-demuxer-webm: 4f35f7cbe854078d1ac9338744f61a02 -> 
  custom:container-demuxer-ogg: 62fdf1f143b41e24485cea50d1cbac27 -> 
  custom:video-encoder-webm-vp8: eb34c28f22e8b96e1ab97ce403110664 -> 
  custom:video-decoder-webm-vp8: 9c59270c3fd7afecdb556c50c9e8de78 -> 
  custom:audio-decoder-ogg-vorbis: bf7c407c2cedff20999df2af8eb42d56 -> 
  custom:audio-encoder-webm-vorbis: bf7c407c2cedff20999df2af8eb42d56 -> 
========================================================================
Received Import Request.
  path: Assets/FPS/Prefabs/Level/Rooms/Room_Altar.prefab
  artifactKey: Guid(115dbd335d944e049a14c0345b664cf6) Importer(815301076,1909f56bfc062723c751e8b465ee728b)
Start importing Assets/FPS/Prefabs/Level/Rooms/Room_Altar.prefab using Guid(115dbd335d944e049a14c0345b664cf6) Importer(815301076,1909f56bfc062723c751e8b465ee728b)  -> (artifact id: 'ea9237cdc2e628a984d555fa2d387187') in 0.359891 seconds 
  Import took 0.363801 seconds .

========================================================================
Received Import Request.
  Time since last request: 0.000126 seconds.
  path: Assets/FPS/Prefabs/Level/Rooms/Room_Small_Y.prefab
  artifactKey: Guid(5c1f92430588e114db439f8f71ad58e5) Importer(815301076,1909f56bfc062723c751e8b465ee728b)
Start importing Assets/FPS/Prefabs/Level/Rooms/Room_Small_Y.prefab using Guid(5c1f92430588e114db439f8f71ad58e5) Importer(815301076,1909f56bfc062723c751e8b465ee728b)  -> (artifact id: 'f9dd28e9cde71f494a711c24c6ced2ae') in 0.017134 seconds 
  Import took 0.020092 seconds .

========================================================================
Received Import Request.
  Time since last request: 0.000127 seconds.
  path: Assets/FPS/Prefabs/Level/Rooms/Room_Medium.prefab
  artifactKey: Guid(35af8bf2573f2d9458eb42510e2d6006) Importer(815301076,1909f56bfc062723c751e8b465ee728b)
Start importing Assets/FPS/Prefabs/Level/Rooms/Room_Medium.prefab using Guid(35af8bf2573f2d9458eb42510e2d6006) Importer(815301076,1909f56bfc062723c751e8b465ee728b)  -> (artifact id: 'd73bd08c0f97f017751f3218910ad963') in 0.017767 seconds 
  Import took 0.020734 seconds .

========================================================================
Received Import Request.
  Time since last request: 0.000126 seconds.
  path: Assets/FPS/Prefabs/Level/Rooms/Room_Small_T.prefab
  artifactKey: Guid(75bc57e6a3cbdf24fabc12b67cc778e6) Importer(815301076,1909f56bfc062723c751e8b465ee728b)
Start importing Assets/FPS/Prefabs/Level/Rooms/Room_Small_T.prefab using Guid(75bc57e6a3cbdf24fabc12b67cc778e6) Importer(815301076,1909f56bfc062723c751e8b465ee728b)  -> (artifact id: '50296daf453102eab3e2751c33bf6fe5') in 0.017435 seconds 
  Import took 0.020196 seconds .

========================================================================
Received Prepare
Registering precompiled user dll's ...
Registered in 0.002135 seconds.
Begin MonoManager ReloadAssembly
Native extension for WindowsStandalone target not found
Refreshing native plugins compatible for Editor in 0.44 ms, found 2 plugins.
Preloading 0 native plugins for Editor in 0.00 ms.
Warning: Annotation not found!
UnityEngine.StackTraceUtility:ExtractStackTrace ()
UnityEditor.ProBuilder.EditorUtility:SetGizmoIconEnabled (System.Type,bool) (at Library/PackageCache/com.unity.probuilder@4.5.0/Editor/EditorCore/EditorUtility.cs:593)
UnityEditor.ProBuilder.HierarchyListener:.cctor () (at Library/PackageCache/com.unity.probuilder@4.5.0/Editor/EditorCore/HierarchyListener.cs:21)
System.Runtime.CompilerServices.RuntimeHelpers:RunClassConstructor (System.RuntimeTypeHandle)
UnityEditor.EditorAssemblies:ProcessInitializeOnLoadAttributes (System.Type[])

[Library/PackageCache/com.unity.probuilder@4.5.0/Editor/EditorCore/EditorUtility.cs line 593]

Mono: successfully reloaded assembly
- Completed reload, in  0.774 seconds
Platform modules already initialized, skipping
Refreshing native plugins compatible for Editor in 0.44 ms, found 2 plugins.
Preloading 0 native plugins for Editor in 0.00 ms.
Unloading 2024 Unused Serialized files (Serialized files now loaded: 0)
System memory in use before: 164.7 MB.
System memory in use after: 162.3 MB.

Unloading 47 unused Assets to reduce memory usage. Loaded Objects now: 2448.
Total: 3.149500 ms (FindLiveObjects: 0.187000 ms CreateObjectMapping: 0.072300 ms MarkObjects: 1.633100 ms  DeleteObjects: 1.256000 ms)

AssetImportParameters requested are different than current active one (requested -> active):
  custom:framework-win-MediaFoundation: 216162199b28c13a410421893ffa2e32 -> 
  custom:video-decoder-ogg-theora: a1e56fd34408186e4bbccfd4996cb3dc -> 
  custom:container-muxer-webm: aa71ff27fc2769a1b78a27578f13a17b -> 
  custom:container-demuxer-webm: 4f35f7cbe854078d1ac9338744f61a02 -> 
  custom:container-demuxer-ogg: 62fdf1f143b41e24485cea50d1cbac27 -> 
  custom:video-encoder-webm-vp8: eb34c28f22e8b96e1ab97ce403110664 -> 
  custom:video-decoder-webm-vp8: 9c59270c3fd7afecdb556c50c9e8de78 -> 
  custom:audio-decoder-ogg-vorbis: bf7c407c2cedff20999df2af8eb42d56 -> 
  custom:audio-encoder-webm-vorbis: bf7c407c2cedff20999df2af8eb42d56 -> 
========================================================================
Received Import Request.
  Time since last request: 2667.047412 seconds.
  path: Assets/FPS/Art/Materials/VFX/Spark.mat
  artifactKey: Guid(93c163e6f58fe2242964723bdb6ff7ef) Importer(815301076,1909f56bfc062723c751e8b465ee728b)
Start importing Assets/FPS/Art/Materials/VFX/Spark.mat using Guid(93c163e6f58fe2242964723bdb6ff7ef) Importer(815301076,1909f56bfc062723c751e8b465ee728b)  -> (artifact id: '6a2b484211729c7319a98fa16082a6d5') in 0.107587 seconds 
  Import took 0.110935 seconds .

========================================================================
Received Import Request.
  Time since last request: 6.625837 seconds.
  path: Assets/FPS/Art/Materials/VFX/Dust.mat
  artifactKey: Guid(2d3fb4655ab03304eb074bfde7c94c42) Importer(815301076,1909f56bfc062723c751e8b465ee728b)
Start importing Assets/FPS/Art/Materials/VFX/Dust.mat using Guid(2d3fb4655ab03304eb074bfde7c94c42) Importer(815301076,1909f56bfc062723c751e8b465ee728b)  -> (artifact id: '67759ac1f326881e2256741ae7485d10') in 0.006915 seconds 
  Import took 0.009413 seconds .

========================================================================
Received Import Request.
  Time since last request: 0.007296 seconds.
  path: Assets/FPS/Art/Materials/VFX/Dust.mat
  artifactKey: Guid(2d3fb4655ab03304eb074bfde7c94c42) Importer(815301076,1909f56bfc062723c751e8b465ee728b)
Start importing Assets/FPS/Art/Materials/VFX/Dust.mat using Guid(2d3fb4655ab03304eb074bfde7c94c42) Importer(815301076,1909f56bfc062723c751e8b465ee728b)  -> (artifact id: '67759ac1f326881e2256741ae7485d10') in 0.004232 seconds 
  Import took 0.006720 seconds .

========================================================================
Received Import Request.
  Time since last request: 784.380800 seconds.
  path: Assets/FPS
  artifactKey: Guid(50cf0c09de57fb64db657a17fd2dfc67) Importer(815301076,1909f56bfc062723c751e8b465ee728b)
Start importing Assets/FPS using Guid(50cf0c09de57fb64db657a17fd2dfc67) Importer(815301076,1909f56bfc062723c751e8b465ee728b)  -> (artifact id: '404a7d3da3738ac2fab4214975660042') in 0.004396 seconds 
  Import took 0.007526 seconds .

========================================================================
Received Import Request.
  Time since last request: 8.794413 seconds.
  path: Assets/FPS/Models
  artifactKey: Guid(ce131c556a966b44e949d6f9a7d34ab6) Importer(815301076,1909f56bfc062723c751e8b465ee728b)
Start importing Assets/FPS/Models using Guid(ce131c556a966b44e949d6f9a7d34ab6) Importer(815301076,1909f56bfc062723c751e8b465ee728b)  -> (artifact id: '0e7db10301abaed6f80f5a736106ff5f') in 0.004002 seconds 
  Import took 0.006735 seconds .

========================================================================
Received Import Request.
  Time since last request: 6.974061 seconds.
  path: Assets/FPS/Models/Museo
  artifactKey: Guid(b2783b81b39c7924ca3dd56e4c996b71) Importer(815301076,1909f56bfc062723c751e8b465ee728b)
Start importing Assets/FPS/Models/Museo using Guid(b2783b81b39c7924ca3dd56e4c996b71) Importer(815301076,1909f56bfc062723c751e8b465ee728b)  -> (artifact id: 'dec21df65cc7efe7ef0bf9808a2559c8') in 0.004538 seconds 
  Import took 0.006967 seconds .

========================================================================
Received Import Request.
  Time since last request: 80.256283 seconds.
  path: Assets/FPS/Models/Museo.fbx
  artifactKey: Guid(3e484cfa186ee8e40be7d0c379a4c244) Importer(815301076,1909f56bfc062723c751e8b465ee728b)
Start importing Assets/FPS/Models/Museo.fbx using Guid(3e484cfa186ee8e40be7d0c379a4c244) Importer(815301076,1909f56bfc062723c751e8b465ee728b)  -> (artifact id: '59811700d596dec0ff2efb5a6d5a4806') in 0.271877 seconds 
  Import took 0.275099 seconds .

========================================================================
Received Import Request.
  Time since last request: 3.708560 seconds.
  path: Assets/FPS/Models/Museo.fbm
  artifactKey: Guid(13c45007f8e33574bb23a2008bf483fc) Importer(815301076,1909f56bfc062723c751e8b465ee728b)
Start importing Assets/FPS/Models/Museo.fbm using Guid(13c45007f8e33574bb23a2008bf483fc) Importer(815301076,1909f56bfc062723c751e8b465ee728b)  -> (artifact id: 'acb0ef144734e473e788807fabcb1ce1') in 0.004145 seconds 
  Import took 0.006659 seconds .

========================================================================
Received Import Request.
  Time since last request: 3.769595 seconds.
  path: Assets/FPS/Models/Museo/Museo.fbx
  artifactKey: Guid(3e484cfa186ee8e40be7d0c379a4c244) Importer(815301076,1909f56bfc062723c751e8b465ee728b)
Start importing Assets/FPS/Models/Museo/Museo.fbx using Guid(3e484cfa186ee8e40be7d0c379a4c244) Importer(815301076,1909f56bfc062723c751e8b465ee728b)  -> (artifact id: '4bff2c7ea45f79f546d21567b20b6c4e') in 0.067220 seconds 
  Import took 0.070329 seconds .

========================================================================
Received Import Request.
  Time since last request: 34.772698 seconds.
  path: Assets/FPS/Models/Museo/Materials_Museo
  artifactKey: Guid(2822b55ff991a5f49b30504045dd29db) Importer(815301076,1909f56bfc062723c751e8b465ee728b)
Start importing Assets/FPS/Models/Museo/Materials_Museo using Guid(2822b55ff991a5f49b30504045dd29db) Importer(815301076,1909f56bfc062723c751e8b465ee728b)  -> (artifact id: '83d605b1432b4b4627a6d80122fab24b') in 0.004142 seconds 
  Import took 0.006911 seconds .

========================================================================
Received Import Request.
  Time since last request: 15.585242 seconds.
  path: Assets/FPS/Models/Museo/Museo.fbx
  artifactKey: Guid(3e484cfa186ee8e40be7d0c379a4c244) Importer(815301076,1909f56bfc062723c751e8b465ee728b)
Start importing Assets/FPS/Models/Museo/Museo.fbx using Guid(3e484cfa186ee8e40be7d0c379a4c244) Importer(815301076,1909f56bfc062723c751e8b465ee728b)  -> (artifact id: '8edf6239200c05769f807dc469ff0a67') in 0.077712 seconds 
  Import took 0.080865 seconds .

========================================================================
Received Prepare
Registering precompiled user dll's ...
Registered in 0.001969 seconds.
Begin MonoManager ReloadAssembly
Native extension for WindowsStandalone target not found
Refreshing native plugins compatible for Editor in 0.41 ms, found 2 plugins.
Preloading 0 native plugins for Editor in 0.00 ms.
Warning: Annotation not found!
UnityEngine.StackTraceUtility:ExtractStackTrace ()
UnityEditor.ProBuilder.EditorUtility:SetGizmoIconEnabled (System.Type,bool) (at Library/PackageCache/com.unity.probuilder@4.5.0/Editor/EditorCore/EditorUtility.cs:593)
UnityEditor.ProBuilder.HierarchyListener:.cctor () (at Library/PackageCache/com.unity.probuilder@4.5.0/Editor/EditorCore/HierarchyListener.cs:21)
System.Runtime.CompilerServices.RuntimeHelpers:RunClassConstructor (System.RuntimeTypeHandle)
UnityEditor.EditorAssemblies:ProcessInitializeOnLoadAttributes (System.Type[])

[Library/PackageCache/com.unity.probuilder@4.5.0/Editor/EditorCore/EditorUtility.cs line 593]

Mono: successfully reloaded assembly
- Completed reload, in  0.711 seconds
Platform modules already initialized, skipping
Refreshing native plugins compatible for Editor in 0.39 ms, found 2 plugins.
Preloading 0 native plugins for Editor in 0.00 ms.
Unloading 2024 Unused Serialized files (Serialized files now loaded: 0)
System memory in use before: 165.2 MB.
System memory in use after: 162.8 MB.

Unloading 47 unused Assets to reduce memory usage. Loaded Objects now: 2488.
Total: 3.320500 ms (FindLiveObjects: 0.177600 ms CreateObjectMapping: 0.065300 ms MarkObjects: 1.796500 ms  DeleteObjects: 1.280400 ms)

AssetImportParameters requested are different than current active one (requested -> active):
  custom:framework-win-MediaFoundation: 216162199b28c13a410421893ffa2e32 -> 
  custom:video-decoder-ogg-theora: a1e56fd34408186e4bbccfd4996cb3dc -> 
  custom:container-muxer-webm: aa71ff27fc2769a1b78a27578f13a17b -> 
  custom:container-demuxer-webm: 4f35f7cbe854078d1ac9338744f61a02 -> 
  custom:container-demuxer-ogg: 62fdf1f143b41e24485cea50d1cbac27 -> 
  custom:video-encoder-webm-vp8: eb34c28f22e8b96e1ab97ce403110664 -> 
  custom:video-decoder-webm-vp8: 9c59270c3fd7afecdb556c50c9e8de78 -> 
  custom:audio-decoder-ogg-vorbis: bf7c407c2cedff20999df2af8eb42d56 -> 
  custom:audio-encoder-webm-vorbis: bf7c407c2cedff20999df2af8eb42d56 -> 
========================================================================
Received Prepare
Registering precompiled user dll's ...
Registered in 0.002043 seconds.
Begin MonoManager ReloadAssembly
Native extension for WindowsStandalone target not found
Refreshing native plugins compatible for Editor in 0.40 ms, found 2 plugins.
Preloading 0 native plugins for Editor in 0.00 ms.
Warning: Annotation not found!
UnityEngine.StackTraceUtility:ExtractStackTrace ()
UnityEditor.ProBuilder.EditorUtility:SetGizmoIconEnabled (System.Type,bool) (at Library/PackageCache/com.unity.probuilder@4.5.0/Editor/EditorCore/EditorUtility.cs:593)
UnityEditor.ProBuilder.HierarchyListener:.cctor () (at Library/PackageCache/com.unity.probuilder@4.5.0/Editor/EditorCore/HierarchyListener.cs:21)
System.Runtime.CompilerServices.RuntimeHelpers:RunClassConstructor (System.RuntimeTypeHandle)
UnityEditor.EditorAssemblies:ProcessInitializeOnLoadAttributes (System.Type[])

[Library/PackageCache/com.unity.probuilder@4.5.0/Editor/EditorCore/EditorUtility.cs line 593]

Mono: successfully reloaded assembly
- Completed reload, in  0.700 seconds
Platform modules already initialized, skipping
Refreshing native plugins compatible for Editor in 0.39 ms, found 2 plugins.
Preloading 0 native plugins for Editor in 0.00 ms.
Unloading 2024 Unused Serialized files (Serialized files now loaded: 0)
System memory in use before: 165.2 MB.
System memory in use after: 162.8 MB.

Unloading 47 unused Assets to reduce memory usage. Loaded Objects now: 2491.
Total: 3.101700 ms (FindLiveObjects: 0.155700 ms CreateObjectMapping: 0.061700 ms MarkObjects: 1.467100 ms  DeleteObjects: 1.416600 ms)

AssetImportParameters requested are different than current active one (requested -> active):
  custom:framework-win-MediaFoundation: 216162199b28c13a410421893ffa2e32 -> 
  custom:video-decoder-ogg-theora: a1e56fd34408186e4bbccfd4996cb3dc -> 
  custom:container-muxer-webm: aa71ff27fc2769a1b78a27578f13a17b -> 
  custom:container-demuxer-webm: 4f35f7cbe854078d1ac9338744f61a02 -> 
  custom:container-demuxer-ogg: 62fdf1f143b41e24485cea50d1cbac27 -> 
  custom:video-encoder-webm-vp8: eb34c28f22e8b96e1ab97ce403110664 -> 
  custom:video-decoder-webm-vp8: 9c59270c3fd7afecdb556c50c9e8de78 -> 
  custom:audio-decoder-ogg-vorbis: bf7c407c2cedff20999df2af8eb42d56 -> 
  custom:audio-encoder-webm-vorbis: bf7c407c2cedff20999df2af8eb42d56 -> 
========================================================================
Received Import Request.
  Time since last request: 625.283029 seconds.
  path: Assets/FPS/Art
  artifactKey: Guid(1e6659ad4e9fef64bbfd302c5e31496c) Importer(815301076,1909f56bfc062723c751e8b465ee728b)
Start importing Assets/FPS/Art using Guid(1e6659ad4e9fef64bbfd302c5e31496c) Importer(815301076,1909f56bfc062723c751e8b465ee728b)  -> (artifact id: 'cc8db9cb6d9c9fb9ed94089b5b50c418') in 0.006323 seconds 
  Import took 0.009149 seconds .

========================================================================
Received Import Request.
  Time since last request: 2.478050 seconds.
  path: Assets/FPS/Art/Shaders
  artifactKey: Guid(91d98910234bae94797ce408d6755564) Importer(815301076,1909f56bfc062723c751e8b465ee728b)
Start importing Assets/FPS/Art/Shaders using Guid(91d98910234bae94797ce408d6755564) Importer(815301076,1909f56bfc062723c751e8b465ee728b)  -> (artifact id: '065f5cfc0d887aba9c58b8e43aa9dd88') in 0.004316 seconds 
  Import took 0.006877 seconds .

========================================================================
Received Import Request.
  Time since last request: 2.657363 seconds.
  path: Assets/FPS/Art/Textures
  artifactKey: Guid(7d3c788be66d72f4b8e172939e3a410d) Importer(815301076,1909f56bfc062723c751e8b465ee728b)
Start importing Assets/FPS/Art/Textures using Guid(7d3c788be66d72f4b8e172939e3a410d) Importer(815301076,1909f56bfc062723c751e8b465ee728b)  -> (artifact id: '741d9b51857ead1522f8bba23ccca076') in 0.004342 seconds 
  Import took 0.006779 seconds .

========================================================================
Received Import Request.
  Time since last request: 3.073037 seconds.
  path: Assets/FPS/Art/Textures/Backgrounds
  artifactKey: Guid(114ab9a91d8230e44ae3654f3a74c50f) Importer(815301076,1909f56bfc062723c751e8b465ee728b)
Start importing Assets/FPS/Art/Textures/Backgrounds using Guid(114ab9a91d8230e44ae3654f3a74c50f) Importer(815301076,1909f56bfc062723c751e8b465ee728b)  -> (artifact id: 'ca080180812d2c61414a172ab6a3694f') in 0.004155 seconds 
  Import took 0.006688 seconds .

========================================================================
Received Import Request.
  Time since last request: 0.046853 seconds.
  path: Assets/FPS/Art/Textures/Backgrounds/Unity_skyboxBG01.png
  artifactKey: Guid(703ee319755f5a54db307a6a3aa88b73) Importer(815301076,1909f56bfc062723c751e8b465ee728b)
Start importing Assets/FPS/Art/Textures/Backgrounds/Unity_skyboxBG01.png using Guid(703ee319755f5a54db307a6a3aa88b73) Importer(815301076,1909f56bfc062723c751e8b465ee728b)  -> (artifact id: '6fb322e7dc317a6540567ff7b5392b76') in 0.034674 seconds 
  Import took 0.037488 seconds .

========================================================================
Received Import Request.
  Time since last request: 0.000255 seconds.
  path: Assets/FPS/Art/Textures/Backgrounds/UnityTutorial_Skybox05_4k.png
  artifactKey: Guid(0d0a423573bb73342ba21395be8500ad) Importer(815301076,1909f56bfc062723c751e8b465ee728b)
Start importing Assets/FPS/Art/Textures/Backgrounds/UnityTutorial_Skybox05_4k.png using Guid(0d0a423573bb73342ba21395be8500ad) Importer(815301076,1909f56bfc062723c751e8b465ee728b)  -> (artifact id: '0e9d378164d0720797a6d34e30047a58') in 0.026689 seconds 
  Import took 0.029107 seconds .

========================================================================
Received Import Request.
  Time since last request: 0.000143 seconds.
  path: Assets/FPS/Art/Textures/Backgrounds/Unity_skyboxBG02.png
  artifactKey: Guid(91c91768bbde1d24da879a8907f0edd5) Importer(815301076,1909f56bfc062723c751e8b465ee728b)
Start importing Assets/FPS/Art/Textures/Backgrounds/Unity_skyboxBG02.png using Guid(91c91768bbde1d24da879a8907f0edd5) Importer(815301076,1909f56bfc062723c751e8b465ee728b)  -> (artifact id: 'd07bc073f7e90c5f22e27fff7fb88485') in 0.008174 seconds 
  Import took 0.010508 seconds .

========================================================================
Received Import Request.
  Time since last request: 43.659390 seconds.
  path: Assets/FPS/Tutorials/AddARoom/03-Hand-Tool.asset
  artifactKey: Guid(900124fb13aba4ef4bf556c0f782d127) Importer(815301076,1909f56bfc062723c751e8b465ee728b)
Start importing Assets/FPS/Tutorials/AddARoom/03-Hand-Tool.asset using Guid(900124fb13aba4ef4bf556c0f782d127) Importer(815301076,1909f56bfc062723c751e8b465ee728b)  -> (artifact id: 'a561ba0ec6263528ff7b181100e65e60') in 0.057013 seconds 
  Import took 0.061174 seconds .

========================================================================
Received Import Request.
  Time since last request: 0.000141 seconds.
  path: Assets/FPS/Tutorials/AddARoom/04-Try-Hand-Tool.asset
  artifactKey: Guid(08664b222211f4218bcf3356bf7bae3e) Importer(815301076,1909f56bfc062723c751e8b465ee728b)
Start importing Assets/FPS/Tutorials/AddARoom/04-Try-Hand-Tool.asset using Guid(08664b222211f4218bcf3356bf7bae3e) Importer(815301076,1909f56bfc062723c751e8b465ee728b)  -> (artifact id: '08bc1c90e758c505c6b6def3076f5091') in 0.007380 seconds 
  Import took 0.009642 seconds .

========================================================================
Received Import Request.
  Time since last request: 0.000300 seconds.
  path: Assets/FPS/Tutorials/AddARoom/019-Select-NavMesh.asset
  artifactKey: Guid(77cdde24ac2e841e8b74f2789993afd5) Importer(815301076,1909f56bfc062723c751e8b465ee728b)
Start importing Assets/FPS/Tutorials/AddARoom/019-Select-NavMesh.asset using Guid(77cdde24ac2e841e8b74f2789993afd5) Importer(815301076,1909f56bfc062723c751e8b465ee728b)  -> (artifact id: '56d8fdf2aebf27482ad2cfed700b9550') in 0.025052 seconds 
  Import took 0.029230 seconds .

========================================================================
Received Import Request.
  Time since last request: 0.000225 seconds.
  path: Assets/ModAssets/Models/NatureProps/FlowerBush.fbx
  artifactKey: Guid(decf25da566de433cb1a874aa0e6dd00) Importer(815301076,1909f56bfc062723c751e8b465ee728b)
Start importing Assets/ModAssets/Models/NatureProps/FlowerBush.fbx using Guid(decf25da566de433cb1a874aa0e6dd00) Importer(815301076,1909f56bfc062723c751e8b465ee728b)  -> (artifact id: '3728454a5d3efb0bb7b4424b15dd2489') in 0.058271 seconds 
  Import took 0.060858 seconds .

========================================================================
Received Import Request.
  Time since last request: 0.000263 seconds.
  path: Assets/FPS/Tutorials/EditColors/04-Change-Albedo.asset
  artifactKey: Guid(a1a7b0e37eeeb4df28dff27ddf50c9cd) Importer(815301076,1909f56bfc062723c751e8b465ee728b)
Start importing Assets/FPS/Tutorials/EditColors/04-Change-Albedo.asset using Guid(a1a7b0e37eeeb4df28dff27ddf50c9cd) Importer(815301076,1909f56bfc062723c751e8b465ee728b)  -> (artifact id: '5ebd5e9aa22a62571b3fc40029ff5e37') in 0.008337 seconds 
  Import took 0.010719 seconds .

========================================================================
Received Import Request.
  Time since last request: 0.000253 seconds.
  path: Assets/FPS/Art/Textures/UI/Crosshair_Blaster_Center.png
  artifactKey: Guid(2b5b80f3ebc88174a8c662e280fdb09c) Importer(815301076,1909f56bfc062723c751e8b465ee728b)
Start importing Assets/FPS/Art/Textures/UI/Crosshair_Blaster_Center.png using Guid(2b5b80f3ebc88174a8c662e280fdb09c) Importer(815301076,1909f56bfc062723c751e8b465ee728b)  -> (artifact id: 'ae17b7099a084db437a1c8359c710cd6') in 0.012592 seconds 
  Import took 0.014972 seconds .

========================================================================
Received Import Request.
  Time since last request: 0.000116 seconds.
  path: Assets/FPS/Art/Textures/UI/Crosshair_Hexa.png
  artifactKey: Guid(e881aa18189b12f4e915fc5b14ddc421) Importer(815301076,1909f56bfc062723c751e8b465ee728b)
Start importing Assets/FPS/Art/Textures/UI/Crosshair_Hexa.png using Guid(e881aa18189b12f4e915fc5b14ddc421) Importer(815301076,1909f56bfc062723c751e8b465ee728b)  -> (artifact id: '53c07398926ff3511e385c2450648a01') in 0.016548 seconds 
  Import took 0.018987 seconds .

========================================================================
Received Import Request.
  Time since last request: 0.000101 seconds.
  path: Assets/ModAssets/Models/FoodProps/Cookie.fbx
  artifactKey: Guid(a8f127f4a0a19407db2b784d5ae1b637) Importer(815301076,1909f56bfc062723c751e8b465ee728b)
Start importing Assets/ModAssets/Models/FoodProps/Cookie.fbx using Guid(a8f127f4a0a19407db2b784d5ae1b637) Importer(815301076,1909f56bfc062723c751e8b465ee728b)  -> (artifact id: 'f3a75e46e54a6d85cb73b3bdb5a7253f') in 0.043862 seconds 
  Import took 0.046291 seconds .

========================================================================
Received Import Request.
  Time since last request: 0.000106 seconds.
  path: Assets/FPS/Animation/Turret/Turret@ActivatedHurt.fbx
  artifactKey: Guid(2a883265866f68f44b24327c4c23275e) Importer(815301076,1909f56bfc062723c751e8b465ee728b)
Start importing Assets/FPS/Animation/Turret/Turret@ActivatedHurt.fbx using Guid(2a883265866f68f44b24327c4c23275e) Importer(815301076,1909f56bfc062723c751e8b465ee728b)  -> (artifact id: 'ad945e5d686d8a6e97d54397d717ebaf') in 0.005838 seconds 
  Import took 0.008205 seconds .

========================================================================
Received Import Request.
  Time since last request: 0.000259 seconds.
  path: Assets/FPS/Audio/SFX/Weapons/Blaster_Shot.wav
  artifactKey: Guid(53d2238f4c4b2aa4f8e559c7af9e0126) Importer(815301076,1909f56bfc062723c751e8b465ee728b)
Start importing Assets/FPS/Audio/SFX/Weapons/Blaster_Shot.wav using Guid(53d2238f4c4b2aa4f8e559c7af9e0126) Importer(815301076,1909f56bfc062723c751e8b465ee728b)  -> (artifact id: '5f5bec3f57322ea27cc203a9b06f5bb5') in 0.113653 seconds 
  Import took 0.116003 seconds .

========================================================================
Received Import Request.
  Time since last request: 0.000107 seconds.
  path: Assets/FPS/Art/Textures/UI/ControlScheme_PopUp.png
  artifactKey: Guid(d873f089db0e2f54884c58e49b0a1ede) Importer(815301076,1909f56bfc062723c751e8b465ee728b)
Start importing Assets/FPS/Art/Textures/UI/ControlScheme_PopUp.png using Guid(d873f089db0e2f54884c58e49b0a1ede) Importer(815301076,1909f56bfc062723c751e8b465ee728b)  -> (artifact id: '0ca44b5fa89cc18a7fa8c61d8dc1962c') in 0.031601 seconds 
  Import took 0.033931 seconds .

========================================================================
Received Import Request.
  Time since last request: 0.000115 seconds.
  path: Assets/FPS/Art/Textures/UI/Crosshair_Drop.png
  artifactKey: Guid(14aa1febcf423c84997aa10d7ff64d17) Importer(815301076,1909f56bfc062723c751e8b465ee728b)
Start importing Assets/FPS/Art/Textures/UI/Crosshair_Drop.png using Guid(14aa1febcf423c84997aa10d7ff64d17) Importer(815301076,1909f56bfc062723c751e8b465ee728b)  -> (artifact id: 'c155e62fb0655f3ee87084da409dc984') in 0.020241 seconds 
  Import took 0.022658 seconds .

========================================================================
Received Import Request.
  Time since last request: 0.000106 seconds.
  path: Assets/FPS/Tutorials/AddARoom/Add-A-Room-Walkthrough.asset
  artifactKey: Guid(97ff54290d4d54a86b2e22ed724ab843) Importer(815301076,1909f56bfc062723c751e8b465ee728b)
Start importing Assets/FPS/Tutorials/AddARoom/Add-A-Room-Walkthrough.asset using Guid(97ff54290d4d54a86b2e22ed724ab843) Importer(815301076,1909f56bfc062723c751e8b465ee728b)  -> (artifact id: '4831d7b02b608f2761aef5ccc7a050b7') in 0.095869 seconds 
  Import took 0.100549 seconds .

========================================================================
Received Import Request.
  Time since last request: 0.000119 seconds.
  path: Assets/ModAssets/Materials/Custom Materials/Basic White.mat
  artifactKey: Guid(80aca137a2109463fb6c86f09a521374) Importer(815301076,1909f56bfc062723c751e8b465ee728b)
Start importing Assets/ModAssets/Materials/Custom Materials/Basic White.mat using Guid(80aca137a2109463fb6c86f09a521374) Importer(815301076,1909f56bfc062723c751e8b465ee728b)  -> (artifact id: '03a70eb3cd7eeda68d919bc5c4cfb0ac') in 0.007783 seconds 
  Import took 0.010162 seconds .

========================================================================
Received Import Request.
  Time since last request: 0.000112 seconds.
  path: Assets/FPS/Prefabs/Level/BaseObjects/Basic_Floor_Mesh.prefab
  artifactKey: Guid(2a86e4ba493cd034cbc2c5713da1a643) Importer(815301076,1909f56bfc062723c751e8b465ee728b)
Start importing Assets/FPS/Prefabs/Level/BaseObjects/Basic_Floor_Mesh.prefab using Guid(2a86e4ba493cd034cbc2c5713da1a643) Importer(815301076,1909f56bfc062723c751e8b465ee728b)  -> (artifact id: '354dd6b9a83ab83ba79b42c38f795f52') in 0.008212 seconds 
  Import took 0.010685 seconds .

========================================================================
Received Import Request.
  Time since last request: 0.000099 seconds.
  path: Assets/FPS/Prefabs/Level/Catwalk/Cat_Hall_Mix.prefab
  artifactKey: Guid(31cd6c201ec4ebd40bb41c07f40be4af) Importer(815301076,1909f56bfc062723c751e8b465ee728b)
Start importing Assets/FPS/Prefabs/Level/Catwalk/Cat_Hall_Mix.prefab using Guid(31cd6c201ec4ebd40bb41c07f40be4af) Importer(815301076,1909f56bfc062723c751e8b465ee728b)  -> (artifact id: '8b9f0f8d814b4c535bee2980c6239920') in 0.019131 seconds 
  Import took 0.021629 seconds .

========================================================================
Received Import Request.
  Time since last request: 0.000112 seconds.
  path: Assets/FPS/Art/Textures/Weapons/Blaster_MetallicSmooth.png
  artifactKey: Guid(1e3afee8a77520246b5e9d25112044aa) Importer(815301076,1909f56bfc062723c751e8b465ee728b)
Start importing Assets/FPS/Art/Textures/Weapons/Blaster_MetallicSmooth.png using Guid(1e3afee8a77520246b5e9d25112044aa) Importer(815301076,1909f56bfc062723c751e8b465ee728b)  -> (artifact id: 'fb37968026211abe390113901c2a5da8') in 0.016273 seconds 
  Import took 0.018689 seconds .

========================================================================
Received Import Request.
  Time since last request: 0.000217 seconds.
  path: Assets/ModAssets/Models/AncientProps/Archway.fbx
  artifactKey: Guid(8845e58e723a048699e6cf81997a1af0) Importer(815301076,1909f56bfc062723c751e8b465ee728b)
Start importing Assets/ModAssets/Models/AncientProps/Archway.fbx using Guid(8845e58e723a048699e6cf81997a1af0) Importer(815301076,1909f56bfc062723c751e8b465ee728b)  -> (artifact id: 'ee92f4a0110d1a8fc867c9dd573dafb8') in 0.032154 seconds 
  Import took 0.034530 seconds .

========================================================================
Received Import Request.
  Time since last request: 0.000202 seconds.
  path: Assets/FPS/Tutorials/BuildAndPublish/Build and Publish.asset
  artifactKey: Guid(c122a1a2efeb58349b8154e42481067b) Importer(815301076,1909f56bfc062723c751e8b465ee728b)
Start importing Assets/FPS/Tutorials/BuildAndPublish/Build and Publish.asset using Guid(c122a1a2efeb58349b8154e42481067b) Importer(815301076,1909f56bfc062723c751e8b465ee728b)  -> (artifact id: 'f087239427bd59a7d7fa4068d71a35c8') in 0.083779 seconds 
  Import took 0.088826 seconds .

========================================================================
Received Import Request.
  Time since last request: 0.000282 seconds.
  path: Assets/FPS/Prefabs/Level/MainLvl/Section3/Balcony_Ghost.prefab
  artifactKey: Guid(cf4f58d399eadd24aaa1ea13fcf967b8) Importer(815301076,1909f56bfc062723c751e8b465ee728b)
Start importing Assets/FPS/Prefabs/Level/MainLvl/Section3/Balcony_Ghost.prefab using Guid(cf4f58d399eadd24aaa1ea13fcf967b8) Importer(815301076,1909f56bfc062723c751e8b465ee728b)  -> (artifact id: 'f9eff40bb947ab934660e4f4ab725729') in 0.021911 seconds 
  Import took 0.024500 seconds .

========================================================================
Received Import Request.
  Time since last request: 0.000225 seconds.
  path: Assets/FPS/Tutorials/Playtest/04-Hierarchy-Intro.asset
  artifactKey: Guid(e834ab372a0a84d8f9a186ab06e88144) Importer(815301076,1909f56bfc062723c751e8b465ee728b)
Start importing Assets/FPS/Tutorials/Playtest/04-Hierarchy-Intro.asset using Guid(e834ab372a0a84d8f9a186ab06e88144) Importer(815301076,1909f56bfc062723c751e8b465ee728b)  -> (artifact id: '0e4a526eda96b167cb61f8752ccddec7') in 0.005287 seconds 
  Import took 0.007844 seconds .

========================================================================
Received Import Request.
  Time since last request: 0.000203 seconds.
  path: Assets/FPS/Prefabs/Level/Catwalk/Cat_Hall_Wall.prefab
  artifactKey: Guid(b77f5c4eeade4314eba8af8750deeb16) Importer(815301076,1909f56bfc062723c751e8b465ee728b)
Start importing Assets/FPS/Prefabs/Level/Catwalk/Cat_Hall_Wall.prefab using Guid(b77f5c4eeade4314eba8af8750deeb16) Importer(815301076,1909f56bfc062723c751e8b465ee728b)  -> (artifact id: 'ff1aa5331dc6b1595f81c02de273548c') in 0.009461 seconds 
  Import took 0.012000 seconds .

========================================================================
Received Import Request.
  Time since last request: 0.000235 seconds.
  path: Assets/FPS/Prefabs/Level/Crawl/Crawl_Hall.prefab
  artifactKey: Guid(af7e40baf6cbccc4eb3f8a7831226b96) Importer(815301076,1909f56bfc062723c751e8b465ee728b)
Start importing Assets/FPS/Prefabs/Level/Crawl/Crawl_Hall.prefab using Guid(af7e40baf6cbccc4eb3f8a7831226b96) Importer(815301076,1909f56bfc062723c751e8b465ee728b)  -> (artifact id: 'd63e5abebc55e2ff96e3609e20505dbc') in 0.012398 seconds 
  Import took 0.015191 seconds .

========================================================================
Received Import Request.
  Time since last request: 0.000232 seconds.
  path: Assets/FPS/Tutorials/EditColors/05-Other-Materials - delete.asset
  artifactKey: Guid(67d9d6c17c5fb482692a74924d1be11e) Importer(815301076,1909f56bfc062723c751e8b465ee728b)
Start importing Assets/FPS/Tutorials/EditColors/05-Other-Materials - delete.asset using Guid(67d9d6c17c5fb482692a74924d1be11e) Importer(815301076,1909f56bfc062723c751e8b465ee728b)  -> (artifact id: '418869a61edd0ce218238388b453355d') in 0.006719 seconds 
  Import took 0.009152 seconds .

========================================================================
Received Import Request.
  Time since last request: 0.000222 seconds.
  path: Assets/ModAssets/Fonts/BioRhymeExpanded-Regular SDF.asset
  artifactKey: Guid(2d0aaede2506c4ca0969c32576224028) Importer(815301076,1909f56bfc062723c751e8b465ee728b)
Start importing Assets/ModAssets/Fonts/BioRhymeExpanded-Regular SDF.asset using Guid(2d0aaede2506c4ca0969c32576224028) Importer(815301076,1909f56bfc062723c751e8b465ee728b)  -> (artifact id: '83d6b2ef3b2000cb45d9d391a6b5fe90') in 0.034147 seconds 
  Import took 0.036560 seconds .

========================================================================
Received Import Request.
  Time since last request: 0.000234 seconds.
  path: Assets/FPS/Prefabs/Level/Catwalk/Cat_Hall_Window.prefab
  artifactKey: Guid(746c7d274c4ae2244a99432c3be5212a) Importer(815301076,1909f56bfc062723c751e8b465ee728b)
Start importing Assets/FPS/Prefabs/Level/Catwalk/Cat_Hall_Window.prefab using Guid(746c7d274c4ae2244a99432c3be5212a) Importer(815301076,1909f56bfc062723c751e8b465ee728b)  -> (artifact id: '88a289b3d6b01c29e9507900e40ccbca') in 0.008364 seconds 
  Import took 0.010898 seconds .

========================================================================
Received Import Request.
  Time since last request: 0.000222 seconds.
  path: Assets/FPS/Tutorials/AddAnAsset/AddAnAsset-Walkthrough.asset
  artifactKey: Guid(acc3795cfd9ef4206836da4a1d377627) Importer(815301076,1909f56bfc062723c751e8b465ee728b)
Start importing Assets/FPS/Tutorials/AddAnAsset/AddAnAsset-Walkthrough.asset using Guid(acc3795cfd9ef4206836da4a1d377627) Importer(815301076,1909f56bfc062723c751e8b465ee728b)  -> (artifact id: 'b4b1ba7272cd7af26e1fc38ba4fcc713') in 0.085747 seconds 
  Import took 0.090541 seconds .

========================================================================
Received Import Request.
  Time since last request: 0.000303 seconds.
  path: Assets/FPS/Art/Textures/UI/Crosshair_Blaster_Side.png
  artifactKey: Guid(e87f35a57d7a270469ddf9121f29d506) Importer(815301076,1909f56bfc062723c751e8b465ee728b)
Start importing Assets/FPS/Art/Textures/UI/Crosshair_Blaster_Side.png using Guid(e87f35a57d7a270469ddf9121f29d506) Importer(815301076,1909f56bfc062723c751e8b465ee728b)  -> (artifact id: '810e7be2ea8b3e13a0ecba1fe98ffad2') in 0.017861 seconds 
  Import took 0.020261 seconds .

========================================================================
Received Import Request.
  Time since last request: 0.000275 seconds.
  path: Assets/FPS/Tutorials/AddARoom/020-Bake-NavMesh.asset
  artifactKey: Guid(3d8ca14fc50c9694b97ce9d032087faf) Importer(815301076,1909f56bfc062723c751e8b465ee728b)
Start importing Assets/FPS/Tutorials/AddARoom/020-Bake-NavMesh.asset using Guid(3d8ca14fc50c9694b97ce9d032087faf) Importer(815301076,1909f56bfc062723c751e8b465ee728b)  -> (artifact id: '54fbe5a8039a164d73a7e80fa6209eb2') in 0.022619 seconds 
  Import took 0.027344 seconds .

========================================================================
Received Import Request.
  Time since last request: 0.001050 seconds.
  path: Assets/FPS/Tutorials/AddEnemyBot/Add-Enemy-Bot-Walkthrough.asset
  artifactKey: Guid(f1296c995c6fc4bcfac81bd7df3e5b18) Importer(815301076,1909f56bfc062723c751e8b465ee728b)
Start importing Assets/FPS/Tutorials/AddEnemyBot/Add-Enemy-Bot-Walkthrough.asset using Guid(f1296c995c6fc4bcfac81bd7df3e5b18) Importer(815301076,1909f56bfc062723c751e8b465ee728b)  -> (artifact id: '384b512efb8c36d78b93930921993a9c') in 0.085414 seconds 
  Import took 0.090309 seconds .

========================================================================
Received Import Request.
  Time since last request: 2.870832 seconds.
  path: Assets/FPS/Art/Materials/Skybox.mat
  artifactKey: Guid(dbc92a4fb93cbec44b044e6a6ea325ea) Importer(815301076,1909f56bfc062723c751e8b465ee728b)
Start importing Assets/FPS/Art/Materials/Skybox.mat using Guid(dbc92a4fb93cbec44b044e6a6ea325ea) Importer(815301076,1909f56bfc062723c751e8b465ee728b)  -> (artifact id: '6c8a7b0f4c3e931f16e3dd3f13c437f5') in 0.013603 seconds 
  Import took 0.016433 seconds .

========================================================================
Received Import Request.
  Time since last request: 18.912670 seconds.
  path: Assets/FPS/Art/Materials/ObjectiveReachPoint.mat
  artifactKey: Guid(f7ca4b4869bf6e34c82313b54df6d8d4) Importer(815301076,1909f56bfc062723c751e8b465ee728b)
Start importing Assets/FPS/Art/Materials/ObjectiveReachPoint.mat using Guid(f7ca4b4869bf6e34c82313b54df6d8d4) Importer(815301076,1909f56bfc062723c751e8b465ee728b)  -> (artifact id: '8e395a708f65a7dc148bcc2ad4039a68') in 0.008420 seconds 
  Import took 0.011145 seconds .

========================================================================
Received Import Request.
  Time since last request: 0.000306 seconds.
  path: Assets/FPS/Art/Materials/TrailDeath.mat
  artifactKey: Guid(a74eef6270cec6b4c9dfed0e7aa93cf6) Importer(815301076,1909f56bfc062723c751e8b465ee728b)
Start importing Assets/FPS/Art/Materials/TrailDeath.mat using Guid(a74eef6270cec6b4c9dfed0e7aa93cf6) Importer(815301076,1909f56bfc062723c751e8b465ee728b)  -> (artifact id: 'f8fa7aecf12b837b75c7885fc963bf18') in 0.009445 seconds 
  Import took 0.011771 seconds .

========================================================================
Received Import Request.
  Time since last request: 0.000264 seconds.
  path: Assets/FPS/Art/Materials/SpeedLine.mat
  artifactKey: Guid(51b4b159ffad18a408fe75b6f8ccbc2f) Importer(815301076,1909f56bfc062723c751e8b465ee728b)
Start importing Assets/FPS/Art/Materials/SpeedLine.mat using Guid(51b4b159ffad18a408fe75b6f8ccbc2f) Importer(815301076,1909f56bfc062723c751e8b465ee728b)  -> (artifact id: '21f50199d146decf5915ef562a0308b4') in 0.010254 seconds 
  Import took 0.012805 seconds .

========================================================================
Received Import Request.
  Time since last request: 8.458284 seconds.
  path: Assets/FPS/Art/Materials
  artifactKey: Guid(e55922e2388a0e84091d26e15709843f) Importer(815301076,1909f56bfc062723c751e8b465ee728b)
Start importing Assets/FPS/Art/Materials using Guid(e55922e2388a0e84091d26e15709843f) Importer(815301076,1909f56bfc062723c751e8b465ee728b)  -> (artifact id: '7dbfdaadebb22e3b0c6ea5d652a0bc3f') in 0.004875 seconds 
  Import took 0.007439 seconds .

========================================================================
Received Import Request.
  Time since last request: 34.210480 seconds.
  path: Assets/FPS/Art/Materials/dikhololo_night_4k.hdr
  artifactKey: Guid(182525a5b685c42469d052d54f986411) Importer(815301076,1909f56bfc062723c751e8b465ee728b)
Start importing Assets/FPS/Art/Materials/dikhololo_night_4k.hdr using Guid(182525a5b685c42469d052d54f986411) Importer(815301076,1909f56bfc062723c751e8b465ee728b)  -> (artifact id: '3e7e7df7869e99e78a01297b76afe450') in 0.011571 seconds 
  Import took 0.014131 seconds .

========================================================================
Received Import Request.
  Time since last request: 0.000112 seconds.
  path: Assets/FPS/Art/Materials/sunflowers_4k.hdr
  artifactKey: Guid(8e5feb6d415e18441843b448f2025e20) Importer(815301076,1909f56bfc062723c751e8b465ee728b)
Start importing Assets/FPS/Art/Materials/sunflowers_4k.hdr using Guid(8e5feb6d415e18441843b448f2025e20) Importer(815301076,1909f56bfc062723c751e8b465ee728b)  -> (artifact id: '05308fac1fb763a311fe1e1c00db8f8f') in 0.006972 seconds 
  Import took 0.009285 seconds .

========================================================================
Received Prepare
Registering precompiled user dll's ...
Registered in 0.001808 seconds.
Begin MonoManager ReloadAssembly
Native extension for WindowsStandalone target not found
Refreshing native plugins compatible for Editor in 0.39 ms, found 2 plugins.
Preloading 0 native plugins for Editor in 0.00 ms.
Warning: Annotation not found!
UnityEngine.StackTraceUtility:ExtractStackTrace ()
UnityEditor.ProBuilder.EditorUtility:SetGizmoIconEnabled (System.Type,bool) (at Library/PackageCache/com.unity.probuilder@4.5.0/Editor/EditorCore/EditorUtility.cs:593)
UnityEditor.ProBuilder.HierarchyListener:.cctor () (at Library/PackageCache/com.unity.probuilder@4.5.0/Editor/EditorCore/HierarchyListener.cs:21)
System.Runtime.CompilerServices.RuntimeHelpers:RunClassConstructor (System.RuntimeTypeHandle)
UnityEditor.EditorAssemblies:ProcessInitializeOnLoadAttributes (System.Type[])

[Library/PackageCache/com.unity.probuilder@4.5.0/Editor/EditorCore/EditorUtility.cs line 593]

Mono: successfully reloaded assembly
- Completed reload, in  0.707 seconds
Platform modules already initialized, skipping
Refreshing native plugins compatible for Editor in 0.39 ms, found 2 plugins.
Preloading 0 native plugins for Editor in 0.00 ms.
Unloading 2024 Unused Serialized files (Serialized files now loaded: 0)
System memory in use before: 166.2 MB.
System memory in use after: 163.7 MB.

Unloading 47 unused Assets to reduce memory usage. Loaded Objects now: 2513.
Total: 2.980600 ms (FindLiveObjects: 0.156300 ms CreateObjectMapping: 0.058600 ms MarkObjects: 1.484100 ms  DeleteObjects: 1.280900 ms)

AssetImportParameters requested are different than current active one (requested -> active):
  custom:framework-win-MediaFoundation: 216162199b28c13a410421893ffa2e32 -> 
  custom:video-decoder-ogg-theora: a1e56fd34408186e4bbccfd4996cb3dc -> 
  custom:container-muxer-webm: aa71ff27fc2769a1b78a27578f13a17b -> 
  custom:container-demuxer-webm: 4f35f7cbe854078d1ac9338744f61a02 -> 
  custom:container-demuxer-ogg: 62fdf1f143b41e24485cea50d1cbac27 -> 
  custom:video-encoder-webm-vp8: eb34c28f22e8b96e1ab97ce403110664 -> 
  custom:video-decoder-webm-vp8: 9c59270c3fd7afecdb556c50c9e8de78 -> 
  custom:audio-decoder-ogg-vorbis: bf7c407c2cedff20999df2af8eb42d56 -> 
  custom:audio-encoder-webm-vorbis: bf7c407c2cedff20999df2af8eb42d56 -> 
========================================================================
Received Import Request.
  Time since last request: 81.848156 seconds.
  path: Assets/FPS/Models/Trex
  artifactKey: Guid(f02bc86cc31fa6048922f5977711057a) Importer(815301076,1909f56bfc062723c751e8b465ee728b)
Start importing Assets/FPS/Models/Trex using Guid(f02bc86cc31fa6048922f5977711057a) Importer(815301076,1909f56bfc062723c751e8b465ee728b)  -> (artifact id: '314c145e2beb058054d90d2739f7a929') in 0.005635 seconds 
  Import took 0.007918 seconds .

========================================================================
Received Import Request.
  Time since last request: 48.640643 seconds.
  path: Assets/FPS/Models/Trex/Base_Trex.fbx
  artifactKey: Guid(dba34324bc2cd3440a9ab5e00fd3ad57) Importer(815301076,1909f56bfc062723c751e8b465ee728b)
Start importing Assets/FPS/Models/Trex/Base_Trex.fbx using Guid(dba34324bc2cd3440a9ab5e00fd3ad57) Importer(815301076,1909f56bfc062723c751e8b465ee728b)  -> (artifact id: '0ed51d278e7bdac8d26ebd6d49d6fa2d') in 0.078020 seconds 
  Import took 0.081013 seconds .

========================================================================
Received Import Request.
  Time since last request: 0.000379 seconds.
  path: Assets/FPS/Models/Trex/trex.fbx
  artifactKey: Guid(520cf2ac4c4fb6845877cd3783aeb69d) Importer(815301076,1909f56bfc062723c751e8b465ee728b)
Start importing Assets/FPS/Models/Trex/trex.fbx using Guid(520cf2ac4c4fb6845877cd3783aeb69d) Importer(815301076,1909f56bfc062723c751e8b465ee728b)  -> (artifact id: '8428408dbea7b18fd97f6af03766747b') in 0.099220 seconds 
  Import took 0.104329 seconds .

========================================================================
Received Import Request.
  Time since last request: 0.000198 seconds.
  path: Assets/FPS/Models/Trex/roca.fbx
  artifactKey: Guid(11f734ad75f06164084c346b4f3f7e20) Importer(815301076,1909f56bfc062723c751e8b465ee728b)
Start importing Assets/FPS/Models/Trex/roca.fbx using Guid(11f734ad75f06164084c346b4f3f7e20) Importer(815301076,1909f56bfc062723c751e8b465ee728b)  -> (artifact id: 'd3a0cabfba2e63531f16986298bda0b2') in 0.013925 seconds 
  Import took 0.016381 seconds .

========================================================================
Received Import Request.
  Time since last request: 60.487255 seconds.
  path: Assets/FPS/Models/Trex/trex.fbx
  artifactKey: Guid(520cf2ac4c4fb6845877cd3783aeb69d) Importer(815301076,1909f56bfc062723c751e8b465ee728b)
Start importing Assets/FPS/Models/Trex/trex.fbx using Guid(520cf2ac4c4fb6845877cd3783aeb69d) Importer(815301076,1909f56bfc062723c751e8b465ee728b)  -> (artifact id: '62826502e4b9ffc09502dc0f7d729b74') in 0.109369 seconds 
  Import took 0.114876 seconds .

========================================================================
Received Import Request.
  Time since last request: 58.322020 seconds.
  path: Assets/FPS/Models/Trex/Materials_Trex
  artifactKey: Guid(f2b989084cd559643bdbd3b7087aaac5) Importer(815301076,1909f56bfc062723c751e8b465ee728b)
Start importing Assets/FPS/Models/Trex/Materials_Trex using Guid(f2b989084cd559643bdbd3b7087aaac5) Importer(815301076,1909f56bfc062723c751e8b465ee728b)  -> (artifact id: '1681cd3b0df80d9f670bd71c3e379b8c') in 0.003834 seconds 
  Import took 0.006706 seconds .

========================================================================
Received Import Request.
  Time since last request: 17.284844 seconds.
  path: Assets/FPS/Models/Trex/trex.fbx
  artifactKey: Guid(520cf2ac4c4fb6845877cd3783aeb69d) Importer(815301076,1909f56bfc062723c751e8b465ee728b)
Start importing Assets/FPS/Models/Trex/trex.fbx using Guid(520cf2ac4c4fb6845877cd3783aeb69d) Importer(815301076,1909f56bfc062723c751e8b465ee728b)  -> (artifact id: '2982cf1b8182c30317d26016c7afc290') in 0.092288 seconds 
  Import took 0.097623 seconds .

========================================================================
Received Import Request.
  Time since last request: 8.687908 seconds.
  path: Assets/FPS/Models/Trex/roca.fbx
  artifactKey: Guid(11f734ad75f06164084c346b4f3f7e20) Importer(815301076,1909f56bfc062723c751e8b465ee728b)
Start importing Assets/FPS/Models/Trex/roca.fbx using Guid(11f734ad75f06164084c346b4f3f7e20) Importer(815301076,1909f56bfc062723c751e8b465ee728b)  -> (artifact id: 'ba7c6b01c40ef69fa177aa30f0e26288') in 0.017863 seconds 
  Import took 0.020533 seconds .

========================================================================
Received Import Request.
  Time since last request: 6.426548 seconds.
  path: Assets/FPS/Models/Trex/Base_Trex.fbx
  artifactKey: Guid(dba34324bc2cd3440a9ab5e00fd3ad57) Importer(815301076,1909f56bfc062723c751e8b465ee728b)
Start importing Assets/FPS/Models/Trex/Base_Trex.fbx using Guid(dba34324bc2cd3440a9ab5e00fd3ad57) Importer(815301076,1909f56bfc062723c751e8b465ee728b)  -> (artifact id: '75e7e5500f601c793124c38933114e41') in 0.028281 seconds 
  Import took 0.031172 seconds .

========================================================================
Received Import Request.
  Time since last request: 12.681873 seconds.
  path: Assets/FPS/Models/Trex/roca.fbx
  artifactKey: Guid(11f734ad75f06164084c346b4f3f7e20) Importer(815301076,1909f56bfc062723c751e8b465ee728b)
Start importing Assets/FPS/Models/Trex/roca.fbx using Guid(11f734ad75f06164084c346b4f3f7e20) Importer(815301076,1909f56bfc062723c751e8b465ee728b)  -> (artifact id: 'd5cedcb12d16255476004bb3f59d942d') in 0.021688 seconds 
  Import took 0.024300 seconds .

========================================================================
Received Import Request.
  Time since last request: 108.516269 seconds.
  path: Assets/FPS/Models/Trex/New Folder
  artifactKey: Guid(678f835e773500144931de326627825e) Importer(815301076,1909f56bfc062723c751e8b465ee728b)
Start importing Assets/FPS/Models/Trex/New Folder using Guid(678f835e773500144931de326627825e) Importer(815301076,1909f56bfc062723c751e8b465ee728b)  -> (artifact id: '4cb928c7eeb229c83965982cd2baceb1') in 0.004054 seconds 
  Import took 0.006889 seconds .

========================================================================
Received Import Request.
  Time since last request: 0.000503 seconds.
  path: Assets/FPS/Models/Trex/New Folder
  artifactKey: Guid(678f835e773500144931de326627825e) Importer(815301076,1909f56bfc062723c751e8b465ee728b)
Start importing Assets/FPS/Models/Trex/New Folder using Guid(678f835e773500144931de326627825e) Importer(815301076,1909f56bfc062723c751e8b465ee728b)  -> (artifact id: '4cb928c7eeb229c83965982cd2baceb1') in 0.000887 seconds 
  Import took 0.003147 seconds .

========================================================================
Received Import Request.
  Time since last request: 24.478622 seconds.
  path: Assets/FPS/Models/Trex/AnimCtl_Trex.controller
  artifactKey: Guid(03fd28b03667f3047a0e486c6d7e9020) Importer(815301076,1909f56bfc062723c751e8b465ee728b)
Start importing Assets/FPS/Models/Trex/AnimCtl_Trex.controller using Guid(03fd28b03667f3047a0e486c6d7e9020) Importer(815301076,1909f56bfc062723c751e8b465ee728b)  -> (artifact id: '92694d592a0d82e5c7c2b75dfe4a9c11') in 0.005978 seconds 
  Import took 0.008551 seconds .

========================================================================
Received Import Request.
  Time since last request: 15.654921 seconds.
  path: Assets/FPS/Models/Trex/AnimCtl_Rock.controller
  artifactKey: Guid(9e5379c1fd198f5498d154dcccc86e44) Importer(815301076,1909f56bfc062723c751e8b465ee728b)
Start importing Assets/FPS/Models/Trex/AnimCtl_Rock.controller using Guid(9e5379c1fd198f5498d154dcccc86e44) Importer(815301076,1909f56bfc062723c751e8b465ee728b)  -> (artifact id: '160b513ab05bad0921758bb528a413b1') in 0.004426 seconds 
  Import took 0.007181 seconds .

========================================================================
Received Import Request.
  Time since last request: 0.000248 seconds.
  path: Assets/FPS/Models/Trex/AnimCtl_Rock.controller
  artifactKey: Guid(9e5379c1fd198f5498d154dcccc86e44) Importer(815301076,1909f56bfc062723c751e8b465ee728b)
Start importing Assets/FPS/Models/Trex/AnimCtl_Rock.controller using Guid(9e5379c1fd198f5498d154dcccc86e44) Importer(815301076,1909f56bfc062723c751e8b465ee728b)  -> (artifact id: '160b513ab05bad0921758bb528a413b1') in 0.001285 seconds 
  Import took 0.003544 seconds .

========================================================================
Received Prepare
Registering precompiled user dll's ...
Registered in 0.002040 seconds.
Begin MonoManager ReloadAssembly
Native extension for WindowsStandalone target not found
Refreshing native plugins compatible for Editor in 0.41 ms, found 2 plugins.
Preloading 0 native plugins for Editor in 0.00 ms.
Warning: Annotation not found!
UnityEngine.StackTraceUtility:ExtractStackTrace ()
UnityEditor.ProBuilder.EditorUtility:SetGizmoIconEnabled (System.Type,bool) (at Library/PackageCache/com.unity.probuilder@4.5.0/Editor/EditorCore/EditorUtility.cs:593)
UnityEditor.ProBuilder.HierarchyListener:.cctor () (at Library/PackageCache/com.unity.probuilder@4.5.0/Editor/EditorCore/HierarchyListener.cs:21)
System.Runtime.CompilerServices.RuntimeHelpers:RunClassConstructor (System.RuntimeTypeHandle)
UnityEditor.EditorAssemblies:ProcessInitializeOnLoadAttributes (System.Type[])

[Library/PackageCache/com.unity.probuilder@4.5.0/Editor/EditorCore/EditorUtility.cs line 593]

Mono: successfully reloaded assembly
- Completed reload, in  0.688 seconds
Platform modules already initialized, skipping
Refreshing native plugins compatible for Editor in 0.39 ms, found 2 plugins.
Preloading 0 native plugins for Editor in 0.00 ms.
Unloading 2024 Unused Serialized files (Serialized files now loaded: 0)
System memory in use before: 179.8 MB.
System memory in use after: 177.4 MB.

Unloading 47 unused Assets to reduce memory usage. Loaded Objects now: 2518.
Total: 3.228700 ms (FindLiveObjects: 0.173600 ms CreateObjectMapping: 0.061500 ms MarkObjects: 1.686500 ms  DeleteObjects: 1.306600 ms)

AssetImportParameters requested are different than current active one (requested -> active):
  custom:framework-win-MediaFoundation: 216162199b28c13a410421893ffa2e32 -> 
  custom:video-decoder-ogg-theora: a1e56fd34408186e4bbccfd4996cb3dc -> 
  custom:container-muxer-webm: aa71ff27fc2769a1b78a27578f13a17b -> 
  custom:container-demuxer-webm: 4f35f7cbe854078d1ac9338744f61a02 -> 
  custom:container-demuxer-ogg: 62fdf1f143b41e24485cea50d1cbac27 -> 
  custom:video-encoder-webm-vp8: eb34c28f22e8b96e1ab97ce403110664 -> 
  custom:video-decoder-webm-vp8: 9c59270c3fd7afecdb556c50c9e8de78 -> 
  custom:audio-decoder-ogg-vorbis: bf7c407c2cedff20999df2af8eb42d56 -> 
  custom:audio-encoder-webm-vorbis: bf7c407c2cedff20999df2af8eb42d56 -> 
========================================================================
Received Import Request.
  Time since last request: 931.625979 seconds.
  path: Assets/FPS/Models/Pantalla
  artifactKey: Guid(aa302b83b794004468489d8ff64fcc74) Importer(815301076,1909f56bfc062723c751e8b465ee728b)
Start importing Assets/FPS/Models/Pantalla using Guid(aa302b83b794004468489d8ff64fcc74) Importer(815301076,1909f56bfc062723c751e8b465ee728b)  -> (artifact id: 'd2adbb9a62ce508095b98f08f12ac0cd') in 0.008135 seconds 
  Import took 0.011505 seconds .

========================================================================
Received Import Request.
  Time since last request: 66.450730 seconds.
  path: Assets/FPS/Models/Pantalla/Pantalla.fbx
  artifactKey: Guid(8323421635bb13d46ad4e4eeb50f1723) Importer(815301076,1909f56bfc062723c751e8b465ee728b)
Start importing Assets/FPS/Models/Pantalla/Pantalla.fbx using Guid(8323421635bb13d46ad4e4eeb50f1723) Importer(815301076,1909f56bfc062723c751e8b465ee728b)  -> (artifact id: '1d71a8f0d58f317a4ba7be846afad6c8') in 0.047025 seconds 
  Import took 0.049825 seconds .

========================================================================
Received Import Request.
  Time since last request: 50.705334 seconds.
  path: Assets/FPS/Models/Pantalla/Pantalla.fbx
  artifactKey: Guid(8323421635bb13d46ad4e4eeb50f1723) Importer(815301076,1909f56bfc062723c751e8b465ee728b)
Start importing Assets/FPS/Models/Pantalla/Pantalla.fbx using Guid(8323421635bb13d46ad4e4eeb50f1723) Importer(815301076,1909f56bfc062723c751e8b465ee728b)  -> (artifact id: '6cf7b11424e3decbb108cd74c5264d48') in 0.012042 seconds 
  Import took 0.014869 seconds .

========================================================================
Received Import Request.
  Time since last request: 385.410715 seconds.
  path: Assets/FPS/Models/Pantalla/Intro_Trex.mp4
  artifactKey: Guid(0f81119ac50f1624c91282faa5eab00c) Importer(815301076,1909f56bfc062723c751e8b465ee728b)
Start importing Assets/FPS/Models/Pantalla/Intro_Trex.mp4 using Guid(0f81119ac50f1624c91282faa5eab00c) Importer(815301076,1909f56bfc062723c751e8b465ee728b)  -> (artifact id: 'f4fe45e7ccdadf3c27680584ab071db0') in 0.058849 seconds 
  Import took 0.061813 seconds .

========================================================================
Received Import Request.
  Time since last request: 34.688216 seconds.
  path: Assets/FPS/Models/Pantalla/RederTexture_Trex.renderTexture
  artifactKey: Guid(d6535ee4f556ead45a571b2803c84ff5) Importer(815301076,1909f56bfc062723c751e8b465ee728b)
Start importing Assets/FPS/Models/Pantalla/RederTexture_Trex.renderTexture using Guid(d6535ee4f556ead45a571b2803c84ff5) Importer(815301076,1909f56bfc062723c751e8b465ee728b)  -> (artifact id: 'cb0751f924f8ca86fad041dcfda5f603') in 0.014056 seconds 
  Import took 0.016585 seconds .

========================================================================
Received Prepare
Registering precompiled user dll's ...
Registered in 0.002105 seconds.
Begin MonoManager ReloadAssembly
Native extension for WindowsStandalone target not found
Refreshing native plugins compatible for Editor in 0.44 ms, found 2 plugins.
Preloading 0 native plugins for Editor in 0.00 ms.
Warning: Annotation not found!
UnityEngine.StackTraceUtility:ExtractStackTrace ()
UnityEditor.ProBuilder.EditorUtility:SetGizmoIconEnabled (System.Type,bool) (at Library/PackageCache/com.unity.probuilder@4.5.0/Editor/EditorCore/EditorUtility.cs:593)
UnityEditor.ProBuilder.HierarchyListener:.cctor () (at Library/PackageCache/com.unity.probuilder@4.5.0/Editor/EditorCore/HierarchyListener.cs:21)
System.Runtime.CompilerServices.RuntimeHelpers:RunClassConstructor (System.RuntimeTypeHandle)
UnityEditor.EditorAssemblies:ProcessInitializeOnLoadAttributes (System.Type[])

[Library/PackageCache/com.unity.probuilder@4.5.0/Editor/EditorCore/EditorUtility.cs line 593]

Mono: successfully reloaded assembly
- Completed reload, in  0.707 seconds
Platform modules already initialized, skipping
Refreshing native plugins compatible for Editor in 0.39 ms, found 2 plugins.
Preloading 0 native plugins for Editor in 0.00 ms.
Unloading 2024 Unused Serialized files (Serialized files now loaded: 0)
System memory in use before: 180.0 MB.
System memory in use after: 177.6 MB.

Unloading 48 unused Assets to reduce memory usage. Loaded Objects now: 2524.
Total: 3.168700 ms (FindLiveObjects: 0.158600 ms CreateObjectMapping: 0.061100 ms MarkObjects: 1.632100 ms  DeleteObjects: 1.316000 ms)

AssetImportParameters requested are different than current active one (requested -> active):
  custom:framework-win-MediaFoundation: 216162199b28c13a410421893ffa2e32 -> 
  custom:video-decoder-ogg-theora: a1e56fd34408186e4bbccfd4996cb3dc -> 
  custom:container-muxer-webm: aa71ff27fc2769a1b78a27578f13a17b -> 
  custom:container-demuxer-webm: 4f35f7cbe854078d1ac9338744f61a02 -> 
  custom:container-demuxer-ogg: 62fdf1f143b41e24485cea50d1cbac27 -> 
  custom:video-encoder-webm-vp8: eb34c28f22e8b96e1ab97ce403110664 -> 
  custom:video-decoder-webm-vp8: 9c59270c3fd7afecdb556c50c9e8de78 -> 
  custom:audio-decoder-ogg-vorbis: bf7c407c2cedff20999df2af8eb42d56 -> 
  custom:audio-encoder-webm-vorbis: bf7c407c2cedff20999df2af8eb42d56 -> 
========================================================================
Received Prepare
Registering precompiled user dll's ...
Registered in 0.002041 seconds.
Begin MonoManager ReloadAssembly
Native extension for WindowsStandalone target not found
Refreshing native plugins compatible for Editor in 0.41 ms, found 2 plugins.
Preloading 0 native plugins for Editor in 0.00 ms.
Warning: Annotation not found!
UnityEngine.StackTraceUtility:ExtractStackTrace ()
UnityEditor.ProBuilder.EditorUtility:SetGizmoIconEnabled (System.Type,bool) (at Library/PackageCache/com.unity.probuilder@4.5.0/Editor/EditorCore/EditorUtility.cs:593)
UnityEditor.ProBuilder.HierarchyListener:.cctor () (at Library/PackageCache/com.unity.probuilder@4.5.0/Editor/EditorCore/HierarchyListener.cs:21)
System.Runtime.CompilerServices.RuntimeHelpers:RunClassConstructor (System.RuntimeTypeHandle)
UnityEditor.EditorAssemblies:ProcessInitializeOnLoadAttributes (System.Type[])

[Library/PackageCache/com.unity.probuilder@4.5.0/Editor/EditorCore/EditorUtility.cs line 593]

Mono: successfully reloaded assembly
- Completed reload, in  0.696 seconds
Platform modules already initialized, skipping
Refreshing native plugins compatible for Editor in 0.40 ms, found 2 plugins.
Preloading 0 native plugins for Editor in 0.00 ms.
Unloading 2024 Unused Serialized files (Serialized files now loaded: 0)
System memory in use before: 180.0 MB.
System memory in use after: 177.6 MB.

Unloading 47 unused Assets to reduce memory usage. Loaded Objects now: 2527.
Total: 3.263800 ms (FindLiveObjects: 0.166600 ms CreateObjectMapping: 0.066800 ms MarkObjects: 1.505200 ms  DeleteObjects: 1.524600 ms)

AssetImportParameters requested are different than current active one (requested -> active):
  custom:framework-win-MediaFoundation: 216162199b28c13a410421893ffa2e32 -> 
  custom:video-decoder-ogg-theora: a1e56fd34408186e4bbccfd4996cb3dc -> 
  custom:container-muxer-webm: aa71ff27fc2769a1b78a27578f13a17b -> 
  custom:container-demuxer-webm: 4f35f7cbe854078d1ac9338744f61a02 -> 
  custom:container-demuxer-ogg: 62fdf1f143b41e24485cea50d1cbac27 -> 
  custom:video-encoder-webm-vp8: eb34c28f22e8b96e1ab97ce403110664 -> 
  custom:video-decoder-webm-vp8: 9c59270c3fd7afecdb556c50c9e8de78 -> 
  custom:audio-decoder-ogg-vorbis: bf7c407c2cedff20999df2af8eb42d56 -> 
  custom:audio-encoder-webm-vorbis: bf7c407c2cedff20999df2af8eb42d56 -> 
========================================================================
Received Import Request.
  Time since last request: 7139.715096 seconds.
  path: Assets/FPS/Models/Trex/AnimCtl_Rock.controller
  artifactKey: Guid(9e5379c1fd198f5498d154dcccc86e44) Importer(815301076,1909f56bfc062723c751e8b465ee728b)
Start importing Assets/FPS/Models/Trex/AnimCtl_Rock.controller using Guid(9e5379c1fd198f5498d154dcccc86e44) Importer(815301076,1909f56bfc062723c751e8b465ee728b)  -> (artifact id: '2b9b78c275e957bac99cb7a99066925a') in 0.009367 seconds 
  Import took 0.012885 seconds .

========================================================================
Received Import Request.
  Time since last request: 53.809701 seconds.
  path: Assets/FPS/Models/Trex/AnimCtl_Trex.controller
  artifactKey: Guid(03fd28b03667f3047a0e486c6d7e9020) Importer(815301076,1909f56bfc062723c751e8b465ee728b)
Start importing Assets/FPS/Models/Trex/AnimCtl_Trex.controller using Guid(03fd28b03667f3047a0e486c6d7e9020) Importer(815301076,1909f56bfc062723c751e8b465ee728b)  -> (artifact id: 'b2a7c82692ed20d1b65f9e40017c4186') in 0.008410 seconds 
  Import took 0.011813 seconds .

========================================================================
Received Prepare
Registering precompiled user dll's ...
Registered in 0.001857 seconds.
Begin MonoManager ReloadAssembly
Native extension for WindowsStandalone target not found
Refreshing native plugins compatible for Editor in 0.40 ms, found 2 plugins.
Preloading 0 native plugins for Editor in 0.00 ms.
Warning: Annotation not found!
UnityEngine.StackTraceUtility:ExtractStackTrace ()
UnityEditor.ProBuilder.EditorUtility:SetGizmoIconEnabled (System.Type,bool) (at Library/PackageCache/com.unity.probuilder@4.5.0/Editor/EditorCore/EditorUtility.cs:593)
UnityEditor.ProBuilder.HierarchyListener:.cctor () (at Library/PackageCache/com.unity.probuilder@4.5.0/Editor/EditorCore/HierarchyListener.cs:21)
System.Runtime.CompilerServices.RuntimeHelpers:RunClassConstructor (System.RuntimeTypeHandle)
UnityEditor.EditorAssemblies:ProcessInitializeOnLoadAttributes (System.Type[])

[Library/PackageCache/com.unity.probuilder@4.5.0/Editor/EditorCore/EditorUtility.cs line 593]

Mono: successfully reloaded assembly
- Completed reload, in  0.710 seconds
Platform modules already initialized, skipping
Refreshing native plugins compatible for Editor in 0.43 ms, found 2 plugins.
Preloading 0 native plugins for Editor in 0.00 ms.
Unloading 2024 Unused Serialized files (Serialized files now loaded: 0)
System memory in use before: 180.1 MB.
System memory in use after: 177.6 MB.

Unloading 47 unused Assets to reduce memory usage. Loaded Objects now: 2530.
Total: 3.212000 ms (FindLiveObjects: 0.166100 ms CreateObjectMapping: 0.063100 ms MarkObjects: 1.634400 ms  DeleteObjects: 1.347700 ms)

AssetImportParameters requested are different than current active one (requested -> active):
  custom:framework-win-MediaFoundation: 216162199b28c13a410421893ffa2e32 -> 
  custom:video-decoder-ogg-theora: a1e56fd34408186e4bbccfd4996cb3dc -> 
  custom:container-muxer-webm: aa71ff27fc2769a1b78a27578f13a17b -> 
  custom:container-demuxer-webm: 4f35f7cbe854078d1ac9338744f61a02 -> 
  custom:container-demuxer-ogg: 62fdf1f143b41e24485cea50d1cbac27 -> 
  custom:video-encoder-webm-vp8: eb34c28f22e8b96e1ab97ce403110664 -> 
  custom:video-decoder-webm-vp8: 9c59270c3fd7afecdb556c50c9e8de78 -> 
  custom:audio-decoder-ogg-vorbis: bf7c407c2cedff20999df2af8eb42d56 -> 
  custom:audio-encoder-webm-vorbis: bf7c407c2cedff20999df2af8eb42d56 -> 
========================================================================
Received Prepare
Registering precompiled user dll's ...
Registered in 0.002091 seconds.
Begin MonoManager ReloadAssembly
Native extension for WindowsStandalone target not found
Refreshing native plugins compatible for Editor in 0.43 ms, found 2 plugins.
Preloading 0 native plugins for Editor in 0.00 ms.
Warning: Annotation not found!
UnityEngine.StackTraceUtility:ExtractStackTrace ()
UnityEditor.ProBuilder.EditorUtility:SetGizmoIconEnabled (System.Type,bool) (at Library/PackageCache/com.unity.probuilder@4.5.0/Editor/EditorCore/EditorUtility.cs:593)
UnityEditor.ProBuilder.HierarchyListener:.cctor () (at Library/PackageCache/com.unity.probuilder@4.5.0/Editor/EditorCore/HierarchyListener.cs:21)
System.Runtime.CompilerServices.RuntimeHelpers:RunClassConstructor (System.RuntimeTypeHandle)
UnityEditor.EditorAssemblies:ProcessInitializeOnLoadAttributes (System.Type[])

[Library/PackageCache/com.unity.probuilder@4.5.0/Editor/EditorCore/EditorUtility.cs line 593]

Mono: successfully reloaded assembly
- Completed reload, in  0.705 seconds
Platform modules already initialized, skipping
Refreshing native plugins compatible for Editor in 0.39 ms, found 2 plugins.
Preloading 0 native plugins for Editor in 0.00 ms.
Unloading 2024 Unused Serialized files (Serialized files now loaded: 0)
System memory in use before: 180.0 MB.
System memory in use after: 177.6 MB.

Unloading 47 unused Assets to reduce memory usage. Loaded Objects now: 2533.
Total: 3.091900 ms (FindLiveObjects: 0.157200 ms CreateObjectMapping: 0.061400 ms MarkObjects: 1.547300 ms  DeleteObjects: 1.325500 ms)

AssetImportParameters requested are different than current active one (requested -> active):
  custom:framework-win-MediaFoundation: 216162199b28c13a410421893ffa2e32 -> 
  custom:video-decoder-ogg-theora: a1e56fd34408186e4bbccfd4996cb3dc -> 
  custom:container-muxer-webm: aa71ff27fc2769a1b78a27578f13a17b -> 
  custom:container-demuxer-webm: 4f35f7cbe854078d1ac9338744f61a02 -> 
  custom:container-demuxer-ogg: 62fdf1f143b41e24485cea50d1cbac27 -> 
  custom:video-encoder-webm-vp8: eb34c28f22e8b96e1ab97ce403110664 -> 
  custom:video-decoder-webm-vp8: 9c59270c3fd7afecdb556c50c9e8de78 -> 
  custom:audio-decoder-ogg-vorbis: bf7c407c2cedff20999df2af8eb42d56 -> 
  custom:audio-encoder-webm-vorbis: bf7c407c2cedff20999df2af8eb42d56 -> 
========================================================================
Received Import Request.
  Time since last request: 2164.498702 seconds.
  path: Assets/FPS/Scripts
  artifactKey: Guid(89d893d3c0b4940429a7933e49e80f98) Importer(815301076,1909f56bfc062723c751e8b465ee728b)
Start importing Assets/FPS/Scripts using Guid(89d893d3c0b4940429a7933e49e80f98) Importer(815301076,1909f56bfc062723c751e8b465ee728b)  -> (artifact id: 'e61309d10f3d9480d8ddc6acdfcd1e94') in 0.008135 seconds 
  Import took 0.011342 seconds .

========================================================================
Received Import Request.
  Time since last request: 11.104168 seconds.
  path: Assets/FPS/Scripts/Trex_Scripts
  artifactKey: Guid(002aaa6e3454ef14eb278d007e9a02c2) Importer(815301076,1909f56bfc062723c751e8b465ee728b)
Start importing Assets/FPS/Scripts/Trex_Scripts using Guid(002aaa6e3454ef14eb278d007e9a02c2) Importer(815301076,1909f56bfc062723c751e8b465ee728b)  -> (artifact id: 'cdc9648d8173d6f1e1cf4089386db710') in 0.004006 seconds 
  Import took 0.006466 seconds .

========================================================================
Received Import Request.
  Time since last request: 13.886271 seconds.
  path: Assets/FPS/Scripts/Trex_Scripts/Trex_SCript.cs
  artifactKey: Guid(7b9a87fca78ab2d44b695646a1ec2e60) Importer(815301076,1909f56bfc062723c751e8b465ee728b)
Start importing Assets/FPS/Scripts/Trex_Scripts/Trex_SCript.cs using Guid(7b9a87fca78ab2d44b695646a1ec2e60) Importer(815301076,1909f56bfc062723c751e8b465ee728b)  -> (artifact id: '14fe9c9881f7d1f607c30e9dd360e5f9') in 0.120904 seconds 
  Import took 0.123496 seconds .

========================================================================
Received Prepare
Registering precompiled user dll's ...
Registered in 0.001939 seconds.
Begin MonoManager ReloadAssembly
Native extension for WindowsStandalone target not found
Refreshing native plugins compatible for Editor in 0.39 ms, found 2 plugins.
Preloading 0 native plugins for Editor in 0.00 ms.
Warning: Annotation not found!
UnityEngine.StackTraceUtility:ExtractStackTrace ()
UnityEditor.ProBuilder.EditorUtility:SetGizmoIconEnabled (System.Type,bool) (at Library/PackageCache/com.unity.probuilder@4.5.0/Editor/EditorCore/EditorUtility.cs:593)
UnityEditor.ProBuilder.HierarchyListener:.cctor () (at Library/PackageCache/com.unity.probuilder@4.5.0/Editor/EditorCore/HierarchyListener.cs:21)
System.Runtime.CompilerServices.RuntimeHelpers:RunClassConstructor (System.RuntimeTypeHandle)
UnityEditor.EditorAssemblies:ProcessInitializeOnLoadAttributes (System.Type[])

[Library/PackageCache/com.unity.probuilder@4.5.0/Editor/EditorCore/EditorUtility.cs line 593]

Mono: successfully reloaded assembly
- Completed reload, in  0.715 seconds
Platform modules already initialized, skipping
Refreshing native plugins compatible for Editor in 0.41 ms, found 2 plugins.
Preloading 0 native plugins for Editor in 0.00 ms.
Unloading 2025 Unused Serialized files (Serialized files now loaded: 0)
System memory in use before: 180.0 MB.
System memory in use after: 177.5 MB.

Unloading 47 unused Assets to reduce memory usage. Loaded Objects now: 2537.
Total: 3.287000 ms (FindLiveObjects: 0.155900 ms CreateObjectMapping: 0.059100 ms MarkObjects: 1.665500 ms  DeleteObjects: 1.405700 ms)

AssetImportParameters requested are different than current active one (requested -> active):
  custom:framework-win-MediaFoundation: 216162199b28c13a410421893ffa2e32 -> 
  custom:video-decoder-ogg-theora: a1e56fd34408186e4bbccfd4996cb3dc -> 
  custom:container-muxer-webm: aa71ff27fc2769a1b78a27578f13a17b -> 
  custom:container-demuxer-webm: 4f35f7cbe854078d1ac9338744f61a02 -> 
  custom:container-demuxer-ogg: 62fdf1f143b41e24485cea50d1cbac27 -> 
  custom:video-encoder-webm-vp8: eb34c28f22e8b96e1ab97ce403110664 -> 
  custom:video-decoder-webm-vp8: 9c59270c3fd7afecdb556c50c9e8de78 -> 
  custom:audio-decoder-ogg-vorbis: bf7c407c2cedff20999df2af8eb42d56 -> 
  custom:audio-encoder-webm-vorbis: bf7c407c2cedff20999df2af8eb42d56 -> 
========================================================================
Received Import Request.
  Time since last request: 9.914684 seconds.
  path: Assets/FPS/Scripts/Trex_Scripts/Trex_Script.cs
  artifactKey: Guid(7b9a87fca78ab2d44b695646a1ec2e60) Importer(815301076,1909f56bfc062723c751e8b465ee728b)
Start importing Assets/FPS/Scripts/Trex_Scripts/Trex_Script.cs using Guid(7b9a87fca78ab2d44b695646a1ec2e60) Importer(815301076,1909f56bfc062723c751e8b465ee728b)  -> (artifact id: '065fa0bbe93e4bf19c66d15acd49c9c7') in 0.006360 seconds 
  Import took 0.008974 seconds .

========================================================================
Received Prepare
Registering precompiled user dll's ...
Registered in 0.001900 seconds.
Begin MonoManager ReloadAssembly
Native extension for WindowsStandalone target not found
Refreshing native plugins compatible for Editor in 0.41 ms, found 2 plugins.
Preloading 0 native plugins for Editor in 0.00 ms.
Warning: Annotation not found!
UnityEngine.StackTraceUtility:ExtractStackTrace ()
UnityEditor.ProBuilder.EditorUtility:SetGizmoIconEnabled (System.Type,bool) (at Library/PackageCache/com.unity.probuilder@4.5.0/Editor/EditorCore/EditorUtility.cs:593)
UnityEditor.ProBuilder.HierarchyListener:.cctor () (at Library/PackageCache/com.unity.probuilder@4.5.0/Editor/EditorCore/HierarchyListener.cs:21)
System.Runtime.CompilerServices.RuntimeHelpers:RunClassConstructor (System.RuntimeTypeHandle)
UnityEditor.EditorAssemblies:ProcessInitializeOnLoadAttributes (System.Type[])

[Library/PackageCache/com.unity.probuilder@4.5.0/Editor/EditorCore/EditorUtility.cs line 593]

Mono: successfully reloaded assembly
- Completed reload, in  0.709 seconds
Platform modules already initialized, skipping
Refreshing native plugins compatible for Editor in 0.39 ms, found 2 plugins.
Preloading 0 native plugins for Editor in 0.00 ms.
Unloading 2025 Unused Serialized files (Serialized files now loaded: 0)
System memory in use before: 180.1 MB.
System memory in use after: 177.6 MB.

Unloading 47 unused Assets to reduce memory usage. Loaded Objects now: 2540.
Total: 3.188800 ms (FindLiveObjects: 0.184800 ms CreateObjectMapping: 0.097500 ms MarkObjects: 1.552500 ms  DeleteObjects: 1.353400 ms)

AssetImportParameters requested are different than current active one (requested -> active):
  custom:framework-win-MediaFoundation: 216162199b28c13a410421893ffa2e32 -> 
  custom:video-decoder-ogg-theora: a1e56fd34408186e4bbccfd4996cb3dc -> 
  custom:container-muxer-webm: aa71ff27fc2769a1b78a27578f13a17b -> 
  custom:container-demuxer-webm: 4f35f7cbe854078d1ac9338744f61a02 -> 
  custom:container-demuxer-ogg: 62fdf1f143b41e24485cea50d1cbac27 -> 
  custom:video-encoder-webm-vp8: eb34c28f22e8b96e1ab97ce403110664 -> 
  custom:video-decoder-webm-vp8: 9c59270c3fd7afecdb556c50c9e8de78 -> 
  custom:audio-decoder-ogg-vorbis: bf7c407c2cedff20999df2af8eb42d56 -> 
  custom:audio-encoder-webm-vorbis: bf7c407c2cedff20999df2af8eb42d56 -> 
========================================================================
Received Prepare
Registering precompiled user dll's ...
Registered in 0.001880 seconds.
Begin MonoManager ReloadAssembly
Native extension for WindowsStandalone target not found
Refreshing native plugins compatible for Editor in 0.39 ms, found 2 plugins.
Preloading 0 native plugins for Editor in 0.00 ms.
Warning: Annotation not found!
UnityEngine.StackTraceUtility:ExtractStackTrace ()
UnityEditor.ProBuilder.EditorUtility:SetGizmoIconEnabled (System.Type,bool) (at Library/PackageCache/com.unity.probuilder@4.5.0/Editor/EditorCore/EditorUtility.cs:593)
UnityEditor.ProBuilder.HierarchyListener:.cctor () (at Library/PackageCache/com.unity.probuilder@4.5.0/Editor/EditorCore/HierarchyListener.cs:21)
System.Runtime.CompilerServices.RuntimeHelpers:RunClassConstructor (System.RuntimeTypeHandle)
UnityEditor.EditorAssemblies:ProcessInitializeOnLoadAttributes (System.Type[])

[Library/PackageCache/com.unity.probuilder@4.5.0/Editor/EditorCore/EditorUtility.cs line 593]

Mono: successfully reloaded assembly
- Completed reload, in  0.691 seconds
Platform modules already initialized, skipping
Refreshing native plugins compatible for Editor in 0.40 ms, found 2 plugins.
Preloading 0 native plugins for Editor in 0.00 ms.
Unloading 2024 Unused Serialized files (Serialized files now loaded: 0)
System memory in use before: 180.1 MB.
System memory in use after: 177.6 MB.

Unloading 48 unused Assets to reduce memory usage. Loaded Objects now: 2542.
Total: 3.078700 ms (FindLiveObjects: 0.159100 ms CreateObjectMapping: 0.062000 ms MarkObjects: 1.510300 ms  DeleteObjects: 1.346400 ms)

AssetImportParameters requested are different than current active one (requested -> active):
  custom:framework-win-MediaFoundation: 216162199b28c13a410421893ffa2e32 -> 
  custom:video-decoder-ogg-theora: a1e56fd34408186e4bbccfd4996cb3dc -> 
  custom:container-muxer-webm: aa71ff27fc2769a1b78a27578f13a17b -> 
  custom:container-demuxer-webm: 4f35f7cbe854078d1ac9338744f61a02 -> 
  custom:container-demuxer-ogg: 62fdf1f143b41e24485cea50d1cbac27 -> 
  custom:video-encoder-webm-vp8: eb34c28f22e8b96e1ab97ce403110664 -> 
  custom:video-decoder-webm-vp8: 9c59270c3fd7afecdb556c50c9e8de78 -> 
  custom:audio-decoder-ogg-vorbis: bf7c407c2cedff20999df2af8eb42d56 -> 
  custom:audio-encoder-webm-vorbis: bf7c407c2cedff20999df2af8eb42d56 -> 
========================================================================
Received Import Request.
  Time since last request: 17.121261 seconds.
  path: Assets/FPS/Scripts/Trex_Scripts/Trex_Script.cs
  artifactKey: Guid(7b9a87fca78ab2d44b695646a1ec2e60) Importer(815301076,1909f56bfc062723c751e8b465ee728b)
Start importing Assets/FPS/Scripts/Trex_Scripts/Trex_Script.cs using Guid(7b9a87fca78ab2d44b695646a1ec2e60) Importer(815301076,1909f56bfc062723c751e8b465ee728b)  -> (artifact id: '04018e5c57e85443ce8649e747be26e3') in 0.003293 seconds 
  Import took 0.005894 seconds .

========================================================================
Received Prepare
Registering precompiled user dll's ...
Registered in 0.002223 seconds.
Begin MonoManager ReloadAssembly
Native extension for WindowsStandalone target not found
Refreshing native plugins compatible for Editor in 0.42 ms, found 2 plugins.
Preloading 0 native plugins for Editor in 0.00 ms.
Warning: Annotation not found!
UnityEngine.StackTraceUtility:ExtractStackTrace ()
UnityEditor.ProBuilder.EditorUtility:SetGizmoIconEnabled (System.Type,bool) (at Library/PackageCache/com.unity.probuilder@4.5.0/Editor/EditorCore/EditorUtility.cs:593)
UnityEditor.ProBuilder.HierarchyListener:.cctor () (at Library/PackageCache/com.unity.probuilder@4.5.0/Editor/EditorCore/HierarchyListener.cs:21)
System.Runtime.CompilerServices.RuntimeHelpers:RunClassConstructor (System.RuntimeTypeHandle)
UnityEditor.EditorAssemblies:ProcessInitializeOnLoadAttributes (System.Type[])

[Library/PackageCache/com.unity.probuilder@4.5.0/Editor/EditorCore/EditorUtility.cs line 593]

Mono: successfully reloaded assembly
- Completed reload, in  0.716 seconds
Platform modules already initialized, skipping
Refreshing native plugins compatible for Editor in 0.38 ms, found 2 plugins.
Preloading 0 native plugins for Editor in 0.00 ms.
Unloading 2025 Unused Serialized files (Serialized files now loaded: 0)
System memory in use before: 180.1 MB.
System memory in use after: 177.6 MB.

Unloading 47 unused Assets to reduce memory usage. Loaded Objects now: 2546.
Total: 3.113100 ms (FindLiveObjects: 0.156500 ms CreateObjectMapping: 0.061200 ms MarkObjects: 1.554900 ms  DeleteObjects: 1.339800 ms)

AssetImportParameters requested are different than current active one (requested -> active):
  custom:framework-win-MediaFoundation: 216162199b28c13a410421893ffa2e32 -> 
  custom:video-decoder-ogg-theora: a1e56fd34408186e4bbccfd4996cb3dc -> 
  custom:container-muxer-webm: aa71ff27fc2769a1b78a27578f13a17b -> 
  custom:container-demuxer-webm: 4f35f7cbe854078d1ac9338744f61a02 -> 
  custom:container-demuxer-ogg: 62fdf1f143b41e24485cea50d1cbac27 -> 
  custom:video-encoder-webm-vp8: eb34c28f22e8b96e1ab97ce403110664 -> 
  custom:video-decoder-webm-vp8: 9c59270c3fd7afecdb556c50c9e8de78 -> 
  custom:audio-decoder-ogg-vorbis: bf7c407c2cedff20999df2af8eb42d56 -> 
  custom:audio-encoder-webm-vorbis: bf7c407c2cedff20999df2af8eb42d56 -> 
========================================================================
Received Prepare
Registering precompiled user dll's ...
Registered in 0.001990 seconds.
Begin MonoManager ReloadAssembly
Native extension for WindowsStandalone target not found
Refreshing native plugins compatible for Editor in 0.39 ms, found 2 plugins.
Preloading 0 native plugins for Editor in 0.00 ms.
Warning: Annotation not found!
UnityEngine.StackTraceUtility:ExtractStackTrace ()
UnityEditor.ProBuilder.EditorUtility:SetGizmoIconEnabled (System.Type,bool) (at Library/PackageCache/com.unity.probuilder@4.5.0/Editor/EditorCore/EditorUtility.cs:593)
UnityEditor.ProBuilder.HierarchyListener:.cctor () (at Library/PackageCache/com.unity.probuilder@4.5.0/Editor/EditorCore/HierarchyListener.cs:21)
System.Runtime.CompilerServices.RuntimeHelpers:RunClassConstructor (System.RuntimeTypeHandle)
UnityEditor.EditorAssemblies:ProcessInitializeOnLoadAttributes (System.Type[])

[Library/PackageCache/com.unity.probuilder@4.5.0/Editor/EditorCore/EditorUtility.cs line 593]

Mono: successfully reloaded assembly
- Completed reload, in  0.700 seconds
Platform modules already initialized, skipping
Refreshing native plugins compatible for Editor in 0.40 ms, found 2 plugins.
Preloading 0 native plugins for Editor in 0.00 ms.
Unloading 2025 Unused Serialized files (Serialized files now loaded: 0)
System memory in use before: 180.0 MB.
System memory in use after: 177.7 MB.

Unloading 47 unused Assets to reduce memory usage. Loaded Objects now: 2549.
Total: 3.025500 ms (FindLiveObjects: 0.171900 ms CreateObjectMapping: 0.056100 ms MarkObjects: 1.486200 ms  DeleteObjects: 1.310700 ms)

AssetImportParameters requested are different than current active one (requested -> active):
  custom:framework-win-MediaFoundation: 216162199b28c13a410421893ffa2e32 -> 
  custom:video-decoder-ogg-theora: a1e56fd34408186e4bbccfd4996cb3dc -> 
  custom:container-muxer-webm: aa71ff27fc2769a1b78a27578f13a17b -> 
  custom:container-demuxer-webm: 4f35f7cbe854078d1ac9338744f61a02 -> 
  custom:container-demuxer-ogg: 62fdf1f143b41e24485cea50d1cbac27 -> 
  custom:video-encoder-webm-vp8: eb34c28f22e8b96e1ab97ce403110664 -> 
  custom:video-decoder-webm-vp8: 9c59270c3fd7afecdb556c50c9e8de78 -> 
  custom:audio-decoder-ogg-vorbis: bf7c407c2cedff20999df2af8eb42d56 -> 
  custom:audio-encoder-webm-vorbis: bf7c407c2cedff20999df2af8eb42d56 -> 
AssetImportWorkerClient::OnTransportError - code=2 error=End of file
