Using pre-set license
Built from '2020.3/staging' branch; Version is '2020.3.13f1 (71691879b7f5) revision 7432472'; Using compiler version '192528614'; Build Type 'Release'
OS: 'Windows 10 Pro; OS build 19043.1110; Version 2009; 64bit' Language: 'es' Physical Memory: 32685 MB
BatchMode: 1, IsHumanControllingUs: 0, StartBugReporterOnCrash: 0, Is64bit: 1, IsPro: 0

 COMMAND LINE ARGUMENTS:
D:\Program Files (x86)\Unity Editors\2020.3.13f1\Editor\Unity.exe
-adb2
-batchMode
-noUpm
-name
AssetImportWorker0
-projectPath
D:/Oscar Mendoza Toledo/Documents/Unity Projects/Prehistoria Virtual
-logFile
Logs/AssetImportWorker0.log
-srvPort
50621
Successfully changed project path to: D:/Oscar Mendoza Toledo/Documents/Unity Projects/Prehistoria Virtual
D:/Oscar Mendoza Toledo/Documents/Unity Projects/Prehistoria Virtual
Using Asset Import Pipeline V2.
Refreshing native plugins compatible for Editor in 32.56 ms, found 2 plugins.
Preloading 0 native plugins for Editor in 0.00 ms.
Initialize engine version: 2020.3.13f1 (71691879b7f5)
[Subsystems] Discovering subsystems at path D:/Program Files (x86)/Unity Editors/2020.3.13f1/Editor/Data/Resources/UnitySubsystems
[Subsystems] Discovering subsystems at path D:/Oscar Mendoza Toledo/Documents/Unity Projects/Prehistoria Virtual/Assets
GfxDevice: creating device client; threaded=0
Direct3D:
    Version:  Direct3D 11.0 [level 11.1]
    Renderer: NVIDIA GeForce RTX 3070 (ID=0x2484)
    Vendor:   
    VRAM:     8043 MB
    Driver:   27.21.14.6611
Initialize mono
Mono path[0] = 'D:/Program Files (x86)/Unity Editors/2020.3.13f1/Editor/Data/Managed'
Mono path[1] = 'D:/Program Files (x86)/Unity Editors/2020.3.13f1/Editor/Data/MonoBleedingEdge/lib/mono/unityjit'
Mono config path = 'D:/Program Files (x86)/Unity Editors/2020.3.13f1/Editor/Data/MonoBleedingEdge/etc'
Using monoOptions --debugger-agent=transport=dt_socket,embedding=1,server=y,suspend=n,address=127.0.0.1:56708
Begin MonoManager ReloadAssembly
Registering precompiled unity dll's ...
Register platform support module: D:/Program Files (x86)/Unity Editors/2020.3.13f1/Editor/Data/PlaybackEngines/WindowsStandaloneSupport/UnityEditor.WindowsStandalone.Extensions.dll
Registered in 0.000714 seconds.
Native extension for WindowsStandalone target not found
Refreshing native plugins compatible for Editor in 33.38 ms, found 2 plugins.
Preloading 0 native plugins for Editor in 0.00 ms.
Mono: successfully reloaded assembly
- Completed reload, in  0.633 seconds
Platform modules already initialized, skipping
Registering precompiled user dll's ...
Registered in 0.001894 seconds.
Begin MonoManager ReloadAssembly
Native extension for WindowsStandalone target not found
Refreshing native plugins compatible for Editor in 0.38 ms, found 2 plugins.
Preloading 0 native plugins for Editor in 0.00 ms.
Mono: successfully reloaded assembly
- Completed reload, in  0.789 seconds
Platform modules already initialized, skipping
========================================================================
Worker process is ready to serve import requests
Launched and connected shader compiler UnityShaderCompiler.exe after 0.03 seconds
Refreshing native plugins compatible for Editor in 0.39 ms, found 2 plugins.
Preloading 0 native plugins for Editor in 0.00 ms.
Unloading 2043 Unused Serialized files (Serialized files now loaded: 0)
System memory in use before: 164.9 MB.
System memory in use after: 165.0 MB.

Unloading 82 unused Assets to reduce memory usage. Loaded Objects now: 2479.
Total: 1.943300 ms (FindLiveObjects: 0.154600 ms CreateObjectMapping: 0.067500 ms MarkObjects: 1.599100 ms  DeleteObjects: 0.121500 ms)

AssetImportParameters requested are different than current active one (requested -> active):
  custom:framework-win-MediaFoundation: 216162199b28c13a410421893ffa2e32 -> 
  custom:video-decoder-ogg-theora: a1e56fd34408186e4bbccfd4996cb3dc -> 
  custom:container-muxer-webm: aa71ff27fc2769a1b78a27578f13a17b -> 
  custom:container-demuxer-webm: 4f35f7cbe854078d1ac9338744f61a02 -> 
  custom:container-demuxer-ogg: 62fdf1f143b41e24485cea50d1cbac27 -> 
  custom:video-encoder-webm-vp8: eb34c28f22e8b96e1ab97ce403110664 -> 
  custom:video-decoder-webm-vp8: 9c59270c3fd7afecdb556c50c9e8de78 -> 
  custom:audio-decoder-ogg-vorbis: bf7c407c2cedff20999df2af8eb42d56 -> 
  custom:audio-encoder-webm-vorbis: bf7c407c2cedff20999df2af8eb42d56 -> 
========================================================================
Received Import Request.
  path: Assets/FPS/Models/Raptor
  artifactKey: Guid(a9aae2406799eb144a724548ba36325a) Importer(815301076,1909f56bfc062723c751e8b465ee728b)
Start importing Assets/FPS/Models/Raptor using Guid(a9aae2406799eb144a724548ba36325a) Importer(815301076,1909f56bfc062723c751e8b465ee728b)  -> (artifact id: '680922e5ea3e0d017ac28222e9e3b77e') in 0.006894 seconds 
  Import took 0.009159 seconds .

========================================================================
Received Import Request.
  Time since last request: 53.190595 seconds.
  path: Assets/FPS/Models/Raptor/raptor.fbx
  artifactKey: Guid(d4d68ed4fac5fa5408d227c47682a8af) Importer(815301076,1909f56bfc062723c751e8b465ee728b)
Start importing Assets/FPS/Models/Raptor/raptor.fbx using Guid(d4d68ed4fac5fa5408d227c47682a8af) Importer(815301076,1909f56bfc062723c751e8b465ee728b)  -> (artifact id: '173db1dbd534abb24426ad249cd84d82') in 0.420095 seconds 
  Import took 0.428853 seconds .

========================================================================
Received Import Request.
  Time since last request: 30.618502 seconds.
  path: Assets/FPS/Models/Raptor/Materials_Raptor
  artifactKey: Guid(7bd31c95039f24a43a89cf36cc2f83db) Importer(815301076,1909f56bfc062723c751e8b465ee728b)
Start importing Assets/FPS/Models/Raptor/Materials_Raptor using Guid(7bd31c95039f24a43a89cf36cc2f83db) Importer(815301076,1909f56bfc062723c751e8b465ee728b)  -> (artifact id: '23f64396d55e5ead279f852cfe5d4e5a') in 0.004380 seconds 
  Import took 0.007002 seconds .

========================================================================
Received Import Request.
  Time since last request: 22.999657 seconds.
  path: Assets/FPS/Models/Raptor/raptor.fbx
  artifactKey: Guid(d4d68ed4fac5fa5408d227c47682a8af) Importer(815301076,1909f56bfc062723c751e8b465ee728b)
Start importing Assets/FPS/Models/Raptor/raptor.fbx using Guid(d4d68ed4fac5fa5408d227c47682a8af) Importer(815301076,1909f56bfc062723c751e8b465ee728b)  -> (artifact id: '88aba4f0847c9438a0aec38b048eaf85') in 0.186260 seconds 
  Import took 0.231967 seconds .

========================================================================
Received Import Request.
  Time since last request: 92.224012 seconds.
  path: Assets/FPS/Models/Raptor/raptor.fbx
  artifactKey: Guid(d4d68ed4fac5fa5408d227c47682a8af) Importer(815301076,1909f56bfc062723c751e8b465ee728b)
Start importing Assets/FPS/Models/Raptor/raptor.fbx using Guid(d4d68ed4fac5fa5408d227c47682a8af) Importer(815301076,1909f56bfc062723c751e8b465ee728b)  -> (artifact id: '0552df1a4b2547ccecde5a1c813d6e56') in 0.147246 seconds 
  Import took 0.156465 seconds .

========================================================================
Received Prepare
Registering precompiled user dll's ...
Registered in 0.002462 seconds.
Begin MonoManager ReloadAssembly
Native extension for WindowsStandalone target not found
Refreshing native plugins compatible for Editor in 0.39 ms, found 2 plugins.
Preloading 0 native plugins for Editor in 0.00 ms.
Warning: Annotation not found!
UnityEngine.StackTraceUtility:ExtractStackTrace ()
UnityEditor.ProBuilder.EditorUtility:SetGizmoIconEnabled (System.Type,bool) (at Library/PackageCache/com.unity.probuilder@4.5.0/Editor/EditorCore/EditorUtility.cs:593)
UnityEditor.ProBuilder.HierarchyListener:.cctor () (at Library/PackageCache/com.unity.probuilder@4.5.0/Editor/EditorCore/HierarchyListener.cs:21)
System.Runtime.CompilerServices.RuntimeHelpers:RunClassConstructor (System.RuntimeTypeHandle)
UnityEditor.EditorAssemblies:ProcessInitializeOnLoadAttributes (System.Type[])

[Library/PackageCache/com.unity.probuilder@4.5.0/Editor/EditorCore/EditorUtility.cs line 593]

Mono: successfully reloaded assembly
- Completed reload, in  0.690 seconds
Platform modules already initialized, skipping
Refreshing native plugins compatible for Editor in 0.40 ms, found 2 plugins.
Preloading 0 native plugins for Editor in 0.00 ms.
Unloading 1995 Unused Serialized files (Serialized files now loaded: 0)
System memory in use before: 178.2 MB.
System memory in use after: 178.3 MB.

Unloading 14 unused Assets to reduce memory usage. Loaded Objects now: 2525.
Total: 1.699700 ms (FindLiveObjects: 0.162300 ms CreateObjectMapping: 0.062200 ms MarkObjects: 1.462200 ms  DeleteObjects: 0.012500 ms)

AssetImportParameters requested are different than current active one (requested -> active):
  custom:framework-win-MediaFoundation: 216162199b28c13a410421893ffa2e32 -> 
  custom:video-decoder-ogg-theora: a1e56fd34408186e4bbccfd4996cb3dc -> 
  custom:container-muxer-webm: aa71ff27fc2769a1b78a27578f13a17b -> 
  custom:container-demuxer-webm: 4f35f7cbe854078d1ac9338744f61a02 -> 
  custom:container-demuxer-ogg: 62fdf1f143b41e24485cea50d1cbac27 -> 
  custom:video-encoder-webm-vp8: eb34c28f22e8b96e1ab97ce403110664 -> 
  custom:video-decoder-webm-vp8: 9c59270c3fd7afecdb556c50c9e8de78 -> 
  custom:audio-decoder-ogg-vorbis: bf7c407c2cedff20999df2af8eb42d56 -> 
  custom:audio-encoder-webm-vorbis: bf7c407c2cedff20999df2af8eb42d56 -> 
========================================================================
Received Import Request.
  Time since last request: 7184.924799 seconds.
  path: Assets/FPS/Models/Raptor/AnimCtl.controller
  artifactKey: Guid(1b5d954542aab784bbd8e188020b0c5e) Importer(815301076,1909f56bfc062723c751e8b465ee728b)
Start importing Assets/FPS/Models/Raptor/AnimCtl.controller using Guid(1b5d954542aab784bbd8e188020b0c5e) Importer(815301076,1909f56bfc062723c751e8b465ee728b)  -> (artifact id: '9a8311134510663342bcc7095110767a') in 0.012693 seconds 
  Import took 0.015190 seconds .

========================================================================
Received Import Request.
  Time since last request: 4.475229 seconds.
  path: Assets/FPS/Models/Raptor/AnimCtl_Raptor.controller
  artifactKey: Guid(1b5d954542aab784bbd8e188020b0c5e) Importer(815301076,1909f56bfc062723c751e8b465ee728b)
Start importing Assets/FPS/Models/Raptor/AnimCtl_Raptor.controller using Guid(1b5d954542aab784bbd8e188020b0c5e) Importer(815301076,1909f56bfc062723c751e8b465ee728b)  -> (artifact id: 'd4926dfde7ac0acfa4397df496d27708') in 0.005352 seconds 
  Import took 0.008247 seconds .

========================================================================
Received Prepare
Registering precompiled user dll's ...
Registered in 0.001863 seconds.
Begin MonoManager ReloadAssembly
Native extension for WindowsStandalone target not found
Refreshing native plugins compatible for Editor in 0.39 ms, found 2 plugins.
Preloading 0 native plugins for Editor in 0.00 ms.
Warning: Annotation not found!
UnityEngine.StackTraceUtility:ExtractStackTrace ()
UnityEditor.ProBuilder.EditorUtility:SetGizmoIconEnabled (System.Type,bool) (at Library/PackageCache/com.unity.probuilder@4.5.0/Editor/EditorCore/EditorUtility.cs:593)
UnityEditor.ProBuilder.HierarchyListener:.cctor () (at Library/PackageCache/com.unity.probuilder@4.5.0/Editor/EditorCore/HierarchyListener.cs:21)
System.Runtime.CompilerServices.RuntimeHelpers:RunClassConstructor (System.RuntimeTypeHandle)
UnityEditor.EditorAssemblies:ProcessInitializeOnLoadAttributes (System.Type[])

[Library/PackageCache/com.unity.probuilder@4.5.0/Editor/EditorCore/EditorUtility.cs line 593]

Mono: successfully reloaded assembly
- Completed reload, in  0.699 seconds
Platform modules already initialized, skipping
Refreshing native plugins compatible for Editor in 0.39 ms, found 2 plugins.
Preloading 0 native plugins for Editor in 0.00 ms.
Unloading 1995 Unused Serialized files (Serialized files now loaded: 0)
System memory in use before: 178.2 MB.
System memory in use after: 178.4 MB.

Unloading 14 unused Assets to reduce memory usage. Loaded Objects now: 2527.
Total: 1.671300 ms (FindLiveObjects: 0.152300 ms CreateObjectMapping: 0.060400 ms MarkObjects: 1.447400 ms  DeleteObjects: 0.010700 ms)

AssetImportParameters requested are different than current active one (requested -> active):
  custom:framework-win-MediaFoundation: 216162199b28c13a410421893ffa2e32 -> 
  custom:video-decoder-ogg-theora: a1e56fd34408186e4bbccfd4996cb3dc -> 
  custom:container-muxer-webm: aa71ff27fc2769a1b78a27578f13a17b -> 
  custom:container-demuxer-webm: 4f35f7cbe854078d1ac9338744f61a02 -> 
  custom:container-demuxer-ogg: 62fdf1f143b41e24485cea50d1cbac27 -> 
  custom:video-encoder-webm-vp8: eb34c28f22e8b96e1ab97ce403110664 -> 
  custom:video-decoder-webm-vp8: 9c59270c3fd7afecdb556c50c9e8de78 -> 
  custom:audio-decoder-ogg-vorbis: bf7c407c2cedff20999df2af8eb42d56 -> 
  custom:audio-encoder-webm-vorbis: bf7c407c2cedff20999df2af8eb42d56 -> 
========================================================================
Received Import Request.
  Time since last request: 220.209633 seconds.
  path: Assets/FPS/Models/Pantalla
  artifactKey: Guid(aa302b83b794004468489d8ff64fcc74) Importer(815301076,1909f56bfc062723c751e8b465ee728b)
Start importing Assets/FPS/Models/Pantalla using Guid(aa302b83b794004468489d8ff64fcc74) Importer(815301076,1909f56bfc062723c751e8b465ee728b)  -> (artifact id: 'd2adbb9a62ce508095b98f08f12ac0cd') in 0.007994 seconds 
  Import took 0.010572 seconds .

========================================================================
Received Import Request.
  Time since last request: 0.086473 seconds.
  path: Assets/FPS/Models/Pantalla/Intro_Trex.mp4
  artifactKey: Guid(0f81119ac50f1624c91282faa5eab00c) Importer(815301076,1909f56bfc062723c751e8b465ee728b)
Start importing Assets/FPS/Models/Pantalla/Intro_Trex.mp4 using Guid(0f81119ac50f1624c91282faa5eab00c) Importer(815301076,1909f56bfc062723c751e8b465ee728b)  -> (artifact id: 'f4fe45e7ccdadf3c27680584ab071db0') in 0.073705 seconds 
  Import took 0.076489 seconds .

========================================================================
Received Import Request.
  Time since last request: 0.000293 seconds.
  path: Assets/FPS/Models/Pantalla/Pantalla.fbx
  artifactKey: Guid(8323421635bb13d46ad4e4eeb50f1723) Importer(815301076,1909f56bfc062723c751e8b465ee728b)
Start importing Assets/FPS/Models/Pantalla/Pantalla.fbx using Guid(8323421635bb13d46ad4e4eeb50f1723) Importer(815301076,1909f56bfc062723c751e8b465ee728b)  -> (artifact id: '71dbbb2aa461242042f71c88bc2c1637') in 0.073323 seconds 
  Import took 0.075835 seconds .

========================================================================
Received Import Request.
  Time since last request: 53.271668 seconds.
  path: Assets/FPS/Models/Pantalla/Intro_Raptor.mp4
  artifactKey: Guid(a6dca870acebe0149b3f549f4dad8876) Importer(815301076,1909f56bfc062723c751e8b465ee728b)
Start importing Assets/FPS/Models/Pantalla/Intro_Raptor.mp4 using Guid(a6dca870acebe0149b3f549f4dad8876) Importer(815301076,1909f56bfc062723c751e8b465ee728b)  -> (artifact id: 'ced1a669ba8192d43d106192fc50f309') in 0.004592 seconds 
  Import took 0.007271 seconds .

========================================================================
Received Prepare
Registering precompiled user dll's ...
Registered in 0.002014 seconds.
Begin MonoManager ReloadAssembly
Native extension for WindowsStandalone target not found
Refreshing native plugins compatible for Editor in 0.41 ms, found 2 plugins.
Preloading 0 native plugins for Editor in 0.00 ms.
Warning: Annotation not found!
UnityEngine.StackTraceUtility:ExtractStackTrace ()
UnityEditor.ProBuilder.EditorUtility:SetGizmoIconEnabled (System.Type,bool) (at Library/PackageCache/com.unity.probuilder@4.5.0/Editor/EditorCore/EditorUtility.cs:593)
UnityEditor.ProBuilder.HierarchyListener:.cctor () (at Library/PackageCache/com.unity.probuilder@4.5.0/Editor/EditorCore/HierarchyListener.cs:21)
System.Runtime.CompilerServices.RuntimeHelpers:RunClassConstructor (System.RuntimeTypeHandle)
UnityEditor.EditorAssemblies:ProcessInitializeOnLoadAttributes (System.Type[])

[Library/PackageCache/com.unity.probuilder@4.5.0/Editor/EditorCore/EditorUtility.cs line 593]

Mono: successfully reloaded assembly
- Completed reload, in  0.692 seconds
Platform modules already initialized, skipping
Refreshing native plugins compatible for Editor in 0.39 ms, found 2 plugins.
Preloading 0 native plugins for Editor in 0.00 ms.
Unloading 1995 Unused Serialized files (Serialized files now loaded: 0)
System memory in use before: 178.3 MB.
System memory in use after: 178.4 MB.

Unloading 15 unused Assets to reduce memory usage. Loaded Objects now: 2530.
Total: 1.696900 ms (FindLiveObjects: 0.149600 ms CreateObjectMapping: 0.059000 ms MarkObjects: 1.473500 ms  DeleteObjects: 0.014100 ms)

AssetImportParameters requested are different than current active one (requested -> active):
  custom:framework-win-MediaFoundation: 216162199b28c13a410421893ffa2e32 -> 
  custom:video-decoder-ogg-theora: a1e56fd34408186e4bbccfd4996cb3dc -> 
  custom:container-muxer-webm: aa71ff27fc2769a1b78a27578f13a17b -> 
  custom:container-demuxer-webm: 4f35f7cbe854078d1ac9338744f61a02 -> 
  custom:container-demuxer-ogg: 62fdf1f143b41e24485cea50d1cbac27 -> 
  custom:video-encoder-webm-vp8: eb34c28f22e8b96e1ab97ce403110664 -> 
  custom:video-decoder-webm-vp8: 9c59270c3fd7afecdb556c50c9e8de78 -> 
  custom:audio-decoder-ogg-vorbis: bf7c407c2cedff20999df2af8eb42d56 -> 
  custom:audio-encoder-webm-vorbis: bf7c407c2cedff20999df2af8eb42d56 -> 
========================================================================
Received Prepare
Registering precompiled user dll's ...
Registered in 0.002125 seconds.
Begin MonoManager ReloadAssembly
Native extension for WindowsStandalone target not found
Refreshing native plugins compatible for Editor in 0.39 ms, found 2 plugins.
Preloading 0 native plugins for Editor in 0.00 ms.
Warning: Annotation not found!
UnityEngine.StackTraceUtility:ExtractStackTrace ()
UnityEditor.ProBuilder.EditorUtility:SetGizmoIconEnabled (System.Type,bool) (at Library/PackageCache/com.unity.probuilder@4.5.0/Editor/EditorCore/EditorUtility.cs:593)
UnityEditor.ProBuilder.HierarchyListener:.cctor () (at Library/PackageCache/com.unity.probuilder@4.5.0/Editor/EditorCore/HierarchyListener.cs:21)
System.Runtime.CompilerServices.RuntimeHelpers:RunClassConstructor (System.RuntimeTypeHandle)
UnityEditor.EditorAssemblies:ProcessInitializeOnLoadAttributes (System.Type[])

[Library/PackageCache/com.unity.probuilder@4.5.0/Editor/EditorCore/EditorUtility.cs line 593]

Mono: successfully reloaded assembly
- Completed reload, in  0.698 seconds
Platform modules already initialized, skipping
Refreshing native plugins compatible for Editor in 0.40 ms, found 2 plugins.
Preloading 0 native plugins for Editor in 0.00 ms.
Unloading 1995 Unused Serialized files (Serialized files now loaded: 0)
System memory in use before: 178.3 MB.
System memory in use after: 178.4 MB.

Unloading 14 unused Assets to reduce memory usage. Loaded Objects now: 2532.
Total: 1.755700 ms (FindLiveObjects: 0.161700 ms CreateObjectMapping: 0.061300 ms MarkObjects: 1.518900 ms  DeleteObjects: 0.012900 ms)

AssetImportParameters requested are different than current active one (requested -> active):
  custom:framework-win-MediaFoundation: 216162199b28c13a410421893ffa2e32 -> 
  custom:video-decoder-ogg-theora: a1e56fd34408186e4bbccfd4996cb3dc -> 
  custom:container-muxer-webm: aa71ff27fc2769a1b78a27578f13a17b -> 
  custom:container-demuxer-webm: 4f35f7cbe854078d1ac9338744f61a02 -> 
  custom:container-demuxer-ogg: 62fdf1f143b41e24485cea50d1cbac27 -> 
  custom:video-encoder-webm-vp8: eb34c28f22e8b96e1ab97ce403110664 -> 
  custom:video-decoder-webm-vp8: 9c59270c3fd7afecdb556c50c9e8de78 -> 
  custom:audio-decoder-ogg-vorbis: bf7c407c2cedff20999df2af8eb42d56 -> 
  custom:audio-encoder-webm-vorbis: bf7c407c2cedff20999df2af8eb42d56 -> 
========================================================================
Received Import Request.
  Time since last request: 2044.763577 seconds.
  path: Assets/FPS/Models/Raptor/raptor_patas.fbx
  artifactKey: Guid(5083788111030304dadf152f7c6e927d) Importer(815301076,1909f56bfc062723c751e8b465ee728b)
Start importing Assets/FPS/Models/Raptor/raptor_patas.fbx using Guid(5083788111030304dadf152f7c6e927d) Importer(815301076,1909f56bfc062723c751e8b465ee728b)  -> (artifact id: 'cb26a9c3c4e4c3893f2091cbd4a775a0') in 0.160060 seconds 
  Import took 0.163424 seconds .

========================================================================
Received Import Request.
  Time since last request: 11.730369 seconds.
  path: Assets/FPS/Models/Trex/Repisa_Material/Base_Repisa.001.mat
  artifactKey: Guid(54eed28066fdc28458c50416298c37ab) Importer(815301076,1909f56bfc062723c751e8b465ee728b)
Start importing Assets/FPS/Models/Trex/Repisa_Material/Base_Repisa.001.mat using Guid(54eed28066fdc28458c50416298c37ab) Importer(815301076,1909f56bfc062723c751e8b465ee728b)  -> (artifact id: '2770d596dcd4651f927d7a25532d4dc9') in 0.050244 seconds 
  Import took 0.053103 seconds .

========================================================================
Received Import Request.
  Time since last request: 26.987675 seconds.
  path: Assets/FPS/Models/Raptor/raptor_patas.fbx
  artifactKey: Guid(5083788111030304dadf152f7c6e927d) Importer(815301076,1909f56bfc062723c751e8b465ee728b)
Start importing Assets/FPS/Models/Raptor/raptor_patas.fbx using Guid(5083788111030304dadf152f7c6e927d) Importer(815301076,1909f56bfc062723c751e8b465ee728b)  -> (artifact id: '79d75080c238c9be8de61142dcd5ee0a') in 0.096392 seconds 
  Import took 0.099591 seconds .

========================================================================
Received Import Request.
  Time since last request: 7.815256 seconds.
  path: Assets/FPS/Models/Raptor/raptor_patas.fbm
  artifactKey: Guid(a75de90f8912e1542a78dc1770cdabf4) Importer(815301076,1909f56bfc062723c751e8b465ee728b)
Start importing Assets/FPS/Models/Raptor/raptor_patas.fbm using Guid(a75de90f8912e1542a78dc1770cdabf4) Importer(815301076,1909f56bfc062723c751e8b465ee728b)  -> (artifact id: '6a3c808a44a1fa6a941a5a45a4d2fca6') in 0.005385 seconds 
  Import took 0.008217 seconds .

========================================================================
Received Import Request.
  Time since last request: 0.047512 seconds.
  path: Assets/FPS/Models/Raptor/raptor_patas.fbm/garra_Raptor_Garras_Material_BaseColor.png
  artifactKey: Guid(b1ef96a0e6d650a4a82bd3feae331e92) Importer(815301076,1909f56bfc062723c751e8b465ee728b)
Start importing Assets/FPS/Models/Raptor/raptor_patas.fbm/garra_Raptor_Garras_Material_BaseColor.png using Guid(b1ef96a0e6d650a4a82bd3feae331e92) Importer(815301076,1909f56bfc062723c751e8b465ee728b)  -> (artifact id: '69138fb1667d6ceca059c4beab7dc1f8') in 0.035927 seconds 
  Import took 0.038720 seconds .

========================================================================
Received Import Request.
  Time since last request: 0.000284 seconds.
  path: Assets/FPS/Models/Raptor/raptor_patas.fbm/Raptor_Albedo.png
  artifactKey: Guid(a97e5eeae0e3c9e48a812551e757a667) Importer(815301076,1909f56bfc062723c751e8b465ee728b)
Start importing Assets/FPS/Models/Raptor/raptor_patas.fbm/Raptor_Albedo.png using Guid(a97e5eeae0e3c9e48a812551e757a667) Importer(815301076,1909f56bfc062723c751e8b465ee728b)  -> (artifact id: 'f898e579bf6f2f461bab9516c5d5a3a5') in 0.015757 seconds 
  Import took 0.018205 seconds .

========================================================================
Received Import Request.
  Time since last request: 0.000248 seconds.
  path: Assets/FPS/Models/Raptor/raptor_patas.fbm/Raptor_Dientes.png
  artifactKey: Guid(ad8d28df17c9074488d861443c7721b6) Importer(815301076,1909f56bfc062723c751e8b465ee728b)
Start importing Assets/FPS/Models/Raptor/raptor_patas.fbm/Raptor_Dientes.png using Guid(ad8d28df17c9074488d861443c7721b6) Importer(815301076,1909f56bfc062723c751e8b465ee728b)  -> (artifact id: '693423ac788310625f523af590be981a') in 0.012975 seconds 
  Import took 0.015499 seconds .

========================================================================
Received Import Request.
  Time since last request: 0.000229 seconds.
  path: Assets/FPS/Models/Raptor/raptor_patas.fbm/Raptor_NormalMap.png
  artifactKey: Guid(9eedd10f65c5f5e47810e9a413a20767) Importer(815301076,1909f56bfc062723c751e8b465ee728b)
Start importing Assets/FPS/Models/Raptor/raptor_patas.fbm/Raptor_NormalMap.png using Guid(9eedd10f65c5f5e47810e9a413a20767) Importer(815301076,1909f56bfc062723c751e8b465ee728b)  -> (artifact id: '753ae51348596fea9b045a92960e53f4') in 0.012636 seconds 
  Import took 0.015042 seconds .

========================================================================
Received Import Request.
  Time since last request: 0.000200 seconds.
  path: Assets/FPS/Models/Raptor/raptor_patas.fbm/Raptor_Roughness.png
  artifactKey: Guid(dcde20a0824c9c84c8aa023e0a2cb04c) Importer(815301076,1909f56bfc062723c751e8b465ee728b)
Start importing Assets/FPS/Models/Raptor/raptor_patas.fbm/Raptor_Roughness.png using Guid(dcde20a0824c9c84c8aa023e0a2cb04c) Importer(815301076,1909f56bfc062723c751e8b465ee728b)  -> (artifact id: '14b99d47f847699e294fbb43dd71db3c') in 0.045420 seconds 
  Import took 0.047884 seconds .

========================================================================
Received Import Request.
  Time since last request: 0.000114 seconds.
  path: Assets/FPS/Models/Raptor/raptor_patas.fbm/garra_Raptor_Garras_Material_Height.png
  artifactKey: Guid(6431b2ff724117c408aa32b88ab136b1) Importer(815301076,1909f56bfc062723c751e8b465ee728b)
Start importing Assets/FPS/Models/Raptor/raptor_patas.fbm/garra_Raptor_Garras_Material_Height.png using Guid(6431b2ff724117c408aa32b88ab136b1) Importer(815301076,1909f56bfc062723c751e8b465ee728b)  -> (artifact id: '4a69c1d92f16aaa2c04f4667b229a938') in 0.034110 seconds 
  Import took 0.036520 seconds .

========================================================================
Received Import Request.
  Time since last request: 0.000248 seconds.
  path: Assets/FPS/Models/Raptor/raptor_patas.fbm/garra_Raptor_Garras_Material_Roughness.png
  artifactKey: Guid(54ba82bedbc5b8d4b87dda947dccf0a0) Importer(815301076,1909f56bfc062723c751e8b465ee728b)
Start importing Assets/FPS/Models/Raptor/raptor_patas.fbm/garra_Raptor_Garras_Material_Roughness.png using Guid(54ba82bedbc5b8d4b87dda947dccf0a0) Importer(815301076,1909f56bfc062723c751e8b465ee728b)  -> (artifact id: '7361f0d4b0415e46634b94dc24078aeb') in 0.052402 seconds 
  Import took 0.055241 seconds .

========================================================================
Received Import Request.
  Time since last request: 0.000133 seconds.
  path: Assets/FPS/Models/Raptor/raptor_patas.fbm/Raptor_Specular.png
  artifactKey: Guid(ef0a7d0a056de7544b4155ff51c29ab4) Importer(815301076,1909f56bfc062723c751e8b465ee728b)
Start importing Assets/FPS/Models/Raptor/raptor_patas.fbm/Raptor_Specular.png using Guid(ef0a7d0a056de7544b4155ff51c29ab4) Importer(815301076,1909f56bfc062723c751e8b465ee728b)  -> (artifact id: 'c86cb687e9ea6b49619ab41bd806a1bc') in 0.033010 seconds 
  Import took 0.035448 seconds .

========================================================================
Received Import Request.
  Time since last request: 0.000235 seconds.
  path: Assets/FPS/Models/Raptor/raptor_patas.fbm/garra_Raptor_Garras_Material_Normal.png
  artifactKey: Guid(f7ee6f3a6530d3641975647747608735) Importer(815301076,1909f56bfc062723c751e8b465ee728b)
Start importing Assets/FPS/Models/Raptor/raptor_patas.fbm/garra_Raptor_Garras_Material_Normal.png using Guid(f7ee6f3a6530d3641975647747608735) Importer(815301076,1909f56bfc062723c751e8b465ee728b)  -> (artifact id: '81f265e7c05160a1b423299b1bb5747a') in 0.010262 seconds 
  Import took 0.012625 seconds .

========================================================================
Received Import Request.
  Time since last request: 354.581075 seconds.
  path: Assets/FPS/Models/Trex/Face_Trex.fbm
  artifactKey: Guid(24034177a27a7eb47b2f2da79bd73a44) Importer(815301076,1909f56bfc062723c751e8b465ee728b)
Start importing Assets/FPS/Models/Trex/Face_Trex.fbm using Guid(24034177a27a7eb47b2f2da79bd73a44) Importer(815301076,1909f56bfc062723c751e8b465ee728b)  -> (artifact id: 'e7eb8dc7dad5d496651d8557e1a39d0d') in 0.030946 seconds 
  Import took 0.033940 seconds .

========================================================================
Received Import Request.
  Time since last request: 6.742852 seconds.
  path: Assets/FPS/Models/Trex/Face_Trex.fbm/Trex_Albedo.png
  artifactKey: Guid(c3c79b907307437419ed0e07886e829b) Importer(815301076,1909f56bfc062723c751e8b465ee728b)
Start importing Assets/FPS/Models/Trex/Face_Trex.fbm/Trex_Albedo.png using Guid(c3c79b907307437419ed0e07886e829b) Importer(815301076,1909f56bfc062723c751e8b465ee728b)  -> (artifact id: 'ed6907872cab3a5f8932ee28a358813a') in 0.008989 seconds 
  Import took 0.011956 seconds .

========================================================================
Received Import Request.
  Time since last request: 0.000203 seconds.
  path: Assets/FPS/Models/Trex/Face_Trex.fbm/Trex_Dientes.png
  artifactKey: Guid(c1a2cbb0a8350e640b82040ef83091a8) Importer(815301076,1909f56bfc062723c751e8b465ee728b)
Start importing Assets/FPS/Models/Trex/Face_Trex.fbm/Trex_Dientes.png using Guid(c1a2cbb0a8350e640b82040ef83091a8) Importer(815301076,1909f56bfc062723c751e8b465ee728b)  -> (artifact id: '90e50ed4b93a282970894509c38b9e76') in 0.007485 seconds 
  Import took 0.010053 seconds .

========================================================================
Received Import Request.
  Time since last request: 0.000227 seconds.
  path: Assets/FPS/Models/Trex/Face_Trex.fbm/Trex_Normal.png
  artifactKey: Guid(eb95978de2a8b7640a6ae952e0a8ad17) Importer(815301076,1909f56bfc062723c751e8b465ee728b)
Start importing Assets/FPS/Models/Trex/Face_Trex.fbm/Trex_Normal.png using Guid(eb95978de2a8b7640a6ae952e0a8ad17) Importer(815301076,1909f56bfc062723c751e8b465ee728b)  -> (artifact id: '91fecc70c7ba61ac160f31e1e4a4af80') in 0.011352 seconds 
  Import took 0.013783 seconds .

========================================================================
Received Import Request.
  Time since last request: 0.000226 seconds.
  path: Assets/FPS/Models/Trex/Face_Trex.fbm/vdfjbeav_2K_Normal.jpg
  artifactKey: Guid(2c91de3d046952b49a50d41d974e54ca) Importer(815301076,1909f56bfc062723c751e8b465ee728b)
Start importing Assets/FPS/Models/Trex/Face_Trex.fbm/vdfjbeav_2K_Normal.jpg using Guid(2c91de3d046952b49a50d41d974e54ca) Importer(815301076,1909f56bfc062723c751e8b465ee728b)  -> (artifact id: 'e437a4bf030bcb5352f68d5bc0e6643d') in 0.122054 seconds 
  Import took 0.124573 seconds .

========================================================================
Received Import Request.
  Time since last request: 0.000182 seconds.
  path: Assets/FPS/Models/Trex/Face_Trex.fbm/Trex_Specular.png
  artifactKey: Guid(11b4d79ae0bc893409904dd2d3b44760) Importer(815301076,1909f56bfc062723c751e8b465ee728b)
Start importing Assets/FPS/Models/Trex/Face_Trex.fbm/Trex_Specular.png using Guid(11b4d79ae0bc893409904dd2d3b44760) Importer(815301076,1909f56bfc062723c751e8b465ee728b)  -> (artifact id: '0bedb53924b225818d9fd91b7799938a') in 0.149989 seconds 
  Import took 0.154945 seconds .

========================================================================
Received Import Request.
  Time since last request: 0.000407 seconds.
  path: Assets/FPS/Models/Trex/Face_Trex.fbm/Trex_Eye.png
  artifactKey: Guid(50c2ef9b78c74874da56638c60682e33) Importer(815301076,1909f56bfc062723c751e8b465ee728b)
Start importing Assets/FPS/Models/Trex/Face_Trex.fbm/Trex_Eye.png using Guid(50c2ef9b78c74874da56638c60682e33) Importer(815301076,1909f56bfc062723c751e8b465ee728b)  -> (artifact id: '5710d47152a2f2d48907b49281ab860f') in 0.014862 seconds 
  Import took 0.020130 seconds .

========================================================================
Received Import Request.
  Time since last request: 0.000290 seconds.
  path: Assets/FPS/Models/Trex/Face_Trex.fbm/Trex_Lengua.png
  artifactKey: Guid(2861172371f8d094ebd81006c5633eb0) Importer(815301076,1909f56bfc062723c751e8b465ee728b)
Start importing Assets/FPS/Models/Trex/Face_Trex.fbm/Trex_Lengua.png using Guid(2861172371f8d094ebd81006c5633eb0) Importer(815301076,1909f56bfc062723c751e8b465ee728b)  -> (artifact id: '2709ab0a9341a034f6d97ce75921661e') in 0.007104 seconds 
  Import took 0.010214 seconds .

========================================================================
Received Import Request.
  Time since last request: 0.000215 seconds.
  path: Assets/FPS/Models/Trex/Face_Trex.fbm/vdfjbeav_2K_Albedo.jpg
  artifactKey: Guid(61d1766e115580643b6a7882a5cb889e) Importer(815301076,1909f56bfc062723c751e8b465ee728b)
Start importing Assets/FPS/Models/Trex/Face_Trex.fbm/vdfjbeav_2K_Albedo.jpg using Guid(61d1766e115580643b6a7882a5cb889e) Importer(815301076,1909f56bfc062723c751e8b465ee728b)  -> (artifact id: '9cf6fcb59bf8cf7a40d1a59b8de4d0e5') in 0.133729 seconds 
  Import took 0.136293 seconds .

========================================================================
Received Import Request.
  Time since last request: 0.000219 seconds.
  path: Assets/FPS/Models/Trex/Face_Trex.fbm/vdfjbeav_2K_Metalness.jpg
  artifactKey: Guid(70d2233c4edaaa74ea4d54980d4d39f2) Importer(815301076,1909f56bfc062723c751e8b465ee728b)
Start importing Assets/FPS/Models/Trex/Face_Trex.fbm/vdfjbeav_2K_Metalness.jpg using Guid(70d2233c4edaaa74ea4d54980d4d39f2) Importer(815301076,1909f56bfc062723c751e8b465ee728b)  -> (artifact id: '090d365e623bf76082d2e8127e0670e7') in 0.077874 seconds 
  Import took 0.080245 seconds .

========================================================================
Received Import Request.
  Time since last request: 0.000115 seconds.
  path: Assets/FPS/Models/Trex/Face_Trex.fbm/Trex_Roughness.png
  artifactKey: Guid(70eb0d763ad7ce042b2aed6e54733584) Importer(815301076,1909f56bfc062723c751e8b465ee728b)
Start importing Assets/FPS/Models/Trex/Face_Trex.fbm/Trex_Roughness.png using Guid(70eb0d763ad7ce042b2aed6e54733584) Importer(815301076,1909f56bfc062723c751e8b465ee728b)  -> (artifact id: '745c4ad96543f6732a84c772dd0ae7ce') in 0.108459 seconds 
  Import took 0.111000 seconds .

========================================================================
Received Import Request.
  Time since last request: 0.000243 seconds.
  path: Assets/FPS/Models/Trex/Face_Trex.fbm/vdfjbeav_2K_Roughness.jpg
  artifactKey: Guid(b5b7af7656e67524183814f9a9bbe49e) Importer(815301076,1909f56bfc062723c751e8b465ee728b)
Start importing Assets/FPS/Models/Trex/Face_Trex.fbm/vdfjbeav_2K_Roughness.jpg using Guid(b5b7af7656e67524183814f9a9bbe49e) Importer(815301076,1909f56bfc062723c751e8b465ee728b)  -> (artifact id: '2f12f1841c6eff6b47ba67fb52595597') in 0.069701 seconds 
  Import took 0.072243 seconds .

========================================================================
Received Import Request.
  Time since last request: 0.000919 seconds.
  path: Assets/FPS/Models/Trex/Face_Trex.fbm/vdfjbeav_2K_Roughness.jpg
  artifactKey: Guid(b5b7af7656e67524183814f9a9bbe49e) Importer(815301076,1909f56bfc062723c751e8b465ee728b)
Start importing Assets/FPS/Models/Trex/Face_Trex.fbm/vdfjbeav_2K_Roughness.jpg using Guid(b5b7af7656e67524183814f9a9bbe49e) Importer(815301076,1909f56bfc062723c751e8b465ee728b)  -> (artifact id: '2f12f1841c6eff6b47ba67fb52595597') in 0.006737 seconds 
  Import took 0.009263 seconds .

========================================================================
Received Import Request.
  Time since last request: 3.478171 seconds.
  path: Assets/FPS/Models/Trex/Base_Trex.fbm
  artifactKey: Guid(da96daaa6e9f2f143b378f0850a01b4d) Importer(815301076,1909f56bfc062723c751e8b465ee728b)
Start importing Assets/FPS/Models/Trex/Base_Trex.fbm using Guid(da96daaa6e9f2f143b378f0850a01b4d) Importer(815301076,1909f56bfc062723c751e8b465ee728b)  -> (artifact id: '6b708630479ac62b228c16e6c1deb1bd') in 0.004586 seconds 
  Import took 0.029820 seconds .

========================================================================
Received Import Request.
  Time since last request: 2.060773 seconds.
  path: Assets/FPS/Models/Trex/Repisa_Material/Repisa.001.mat
  artifactKey: Guid(afaa3c401cec4874daa24aab7be98d86) Importer(815301076,1909f56bfc062723c751e8b465ee728b)
Start importing Assets/FPS/Models/Trex/Repisa_Material/Repisa.001.mat using Guid(afaa3c401cec4874daa24aab7be98d86) Importer(815301076,1909f56bfc062723c751e8b465ee728b)  -> (artifact id: 'fac5af8e536e2cb84497194c6c2bbb3e') in 0.015886 seconds 
  Import took 0.019689 seconds .

========================================================================
Received Import Request.
  Time since last request: 9.787837 seconds.
  path: Assets/FPS/Models/Trex/Materials_Trex/Pared_Exib.mat
  artifactKey: Guid(43a8e0e4908a48d4e88e49e14e00856c) Importer(815301076,1909f56bfc062723c751e8b465ee728b)
Start importing Assets/FPS/Models/Trex/Materials_Trex/Pared_Exib.mat using Guid(43a8e0e4908a48d4e88e49e14e00856c) Importer(815301076,1909f56bfc062723c751e8b465ee728b)  -> (artifact id: 'dd54f6a747a80e4966227abb53624a0c') in 0.082618 seconds 
  Import took 0.085337 seconds .

========================================================================
Received Import Request.
  Time since last request: 0.000247 seconds.
  path: Assets/FPS/Models/Trex/Materials_Trex/Soporte_Face.mat
  artifactKey: Guid(0476a2110eded33428cef5e19d5c12af) Importer(815301076,1909f56bfc062723c751e8b465ee728b)
Start importing Assets/FPS/Models/Trex/Materials_Trex/Soporte_Face.mat using Guid(0476a2110eded33428cef5e19d5c12af) Importer(815301076,1909f56bfc062723c751e8b465ee728b)  -> (artifact id: '22e49784fbc054bef5c23164389f4c4f') in 0.008602 seconds 
  Import took 0.011201 seconds .

========================================================================
Received Prepare
Registering precompiled user dll's ...
Registered in 0.001889 seconds.
Begin MonoManager ReloadAssembly
Native extension for WindowsStandalone target not found
Refreshing native plugins compatible for Editor in 0.45 ms, found 2 plugins.
Preloading 0 native plugins for Editor in 0.00 ms.
Warning: Annotation not found!
UnityEngine.StackTraceUtility:ExtractStackTrace ()
UnityEditor.ProBuilder.EditorUtility:SetGizmoIconEnabled (System.Type,bool) (at Library/PackageCache/com.unity.probuilder@4.5.0/Editor/EditorCore/EditorUtility.cs:593)
UnityEditor.ProBuilder.HierarchyListener:.cctor () (at Library/PackageCache/com.unity.probuilder@4.5.0/Editor/EditorCore/HierarchyListener.cs:21)
System.Runtime.CompilerServices.RuntimeHelpers:RunClassConstructor (System.RuntimeTypeHandle)
UnityEditor.EditorAssemblies:ProcessInitializeOnLoadAttributes (System.Type[])

[Library/PackageCache/com.unity.probuilder@4.5.0/Editor/EditorCore/EditorUtility.cs line 593]

Mono: successfully reloaded assembly
- Completed reload, in  0.706 seconds
Platform modules already initialized, skipping
Refreshing native plugins compatible for Editor in 0.39 ms, found 2 plugins.
Preloading 0 native plugins for Editor in 0.00 ms.
Unloading 1995 Unused Serialized files (Serialized files now loaded: 0)
System memory in use before: 178.3 MB.
System memory in use after: 178.4 MB.

Unloading 14 unused Assets to reduce memory usage. Loaded Objects now: 2538.
Total: 1.732000 ms (FindLiveObjects: 0.143700 ms CreateObjectMapping: 0.052700 ms MarkObjects: 1.522900 ms  DeleteObjects: 0.012000 ms)

AssetImportParameters requested are different than current active one (requested -> active):
  custom:framework-win-MediaFoundation: 216162199b28c13a410421893ffa2e32 -> 
  custom:video-decoder-ogg-theora: a1e56fd34408186e4bbccfd4996cb3dc -> 
  custom:container-muxer-webm: aa71ff27fc2769a1b78a27578f13a17b -> 
  custom:container-demuxer-webm: 4f35f7cbe854078d1ac9338744f61a02 -> 
  custom:container-demuxer-ogg: 62fdf1f143b41e24485cea50d1cbac27 -> 
  custom:video-encoder-webm-vp8: eb34c28f22e8b96e1ab97ce403110664 -> 
  custom:video-decoder-webm-vp8: 9c59270c3fd7afecdb556c50c9e8de78 -> 
  custom:audio-decoder-ogg-vorbis: bf7c407c2cedff20999df2af8eb42d56 -> 
  custom:audio-encoder-webm-vorbis: bf7c407c2cedff20999df2af8eb42d56 -> 
========================================================================
Received Prepare
Registering precompiled user dll's ...
Registered in 0.001928 seconds.
Begin MonoManager ReloadAssembly
Native extension for WindowsStandalone target not found
Refreshing native plugins compatible for Editor in 0.39 ms, found 2 plugins.
Preloading 0 native plugins for Editor in 0.00 ms.
Warning: Annotation not found!
UnityEngine.StackTraceUtility:ExtractStackTrace ()
UnityEditor.ProBuilder.EditorUtility:SetGizmoIconEnabled (System.Type,bool) (at Library/PackageCache/com.unity.probuilder@4.5.0/Editor/EditorCore/EditorUtility.cs:593)
UnityEditor.ProBuilder.HierarchyListener:.cctor () (at Library/PackageCache/com.unity.probuilder@4.5.0/Editor/EditorCore/HierarchyListener.cs:21)
System.Runtime.CompilerServices.RuntimeHelpers:RunClassConstructor (System.RuntimeTypeHandle)
UnityEditor.EditorAssemblies:ProcessInitializeOnLoadAttributes (System.Type[])

[Library/PackageCache/com.unity.probuilder@4.5.0/Editor/EditorCore/EditorUtility.cs line 593]

Mono: successfully reloaded assembly
- Completed reload, in  0.686 seconds
Platform modules already initialized, skipping
Refreshing native plugins compatible for Editor in 0.39 ms, found 2 plugins.
Preloading 0 native plugins for Editor in 0.00 ms.
Unloading 1995 Unused Serialized files (Serialized files now loaded: 0)
System memory in use before: 178.4 MB.
System memory in use after: 178.5 MB.

Unloading 14 unused Assets to reduce memory usage. Loaded Objects now: 2540.
Total: 1.680000 ms (FindLiveObjects: 0.150200 ms CreateObjectMapping: 0.058100 ms MarkObjects: 1.460100 ms  DeleteObjects: 0.010900 ms)

AssetImportParameters requested are different than current active one (requested -> active):
  custom:framework-win-MediaFoundation: 216162199b28c13a410421893ffa2e32 -> 
  custom:video-decoder-ogg-theora: a1e56fd34408186e4bbccfd4996cb3dc -> 
  custom:container-muxer-webm: aa71ff27fc2769a1b78a27578f13a17b -> 
  custom:container-demuxer-webm: 4f35f7cbe854078d1ac9338744f61a02 -> 
  custom:container-demuxer-ogg: 62fdf1f143b41e24485cea50d1cbac27 -> 
  custom:video-encoder-webm-vp8: eb34c28f22e8b96e1ab97ce403110664 -> 
  custom:video-decoder-webm-vp8: 9c59270c3fd7afecdb556c50c9e8de78 -> 
  custom:audio-decoder-ogg-vorbis: bf7c407c2cedff20999df2af8eb42d56 -> 
  custom:audio-encoder-webm-vorbis: bf7c407c2cedff20999df2af8eb42d56 -> 
========================================================================
Received Prepare
Registering precompiled user dll's ...
Registered in 0.001905 seconds.
Begin MonoManager ReloadAssembly
Native extension for WindowsStandalone target not found
Refreshing native plugins compatible for Editor in 0.39 ms, found 2 plugins.
Preloading 0 native plugins for Editor in 0.00 ms.
Warning: Annotation not found!
UnityEngine.StackTraceUtility:ExtractStackTrace ()
UnityEditor.ProBuilder.EditorUtility:SetGizmoIconEnabled (System.Type,bool) (at Library/PackageCache/com.unity.probuilder@4.5.0/Editor/EditorCore/EditorUtility.cs:593)
UnityEditor.ProBuilder.HierarchyListener:.cctor () (at Library/PackageCache/com.unity.probuilder@4.5.0/Editor/EditorCore/HierarchyListener.cs:21)
System.Runtime.CompilerServices.RuntimeHelpers:RunClassConstructor (System.RuntimeTypeHandle)
UnityEditor.EditorAssemblies:ProcessInitializeOnLoadAttributes (System.Type[])

[Library/PackageCache/com.unity.probuilder@4.5.0/Editor/EditorCore/EditorUtility.cs line 593]

Mono: successfully reloaded assembly
- Completed reload, in  0.716 seconds
Platform modules already initialized, skipping
Refreshing native plugins compatible for Editor in 0.41 ms, found 2 plugins.
Preloading 0 native plugins for Editor in 0.00 ms.
Unloading 1995 Unused Serialized files (Serialized files now loaded: 0)
System memory in use before: 178.4 MB.
System memory in use after: 178.5 MB.

Unloading 14 unused Assets to reduce memory usage. Loaded Objects now: 2542.
Total: 1.899900 ms (FindLiveObjects: 0.182900 ms CreateObjectMapping: 0.060600 ms MarkObjects: 1.643100 ms  DeleteObjects: 0.012500 ms)

AssetImportParameters requested are different than current active one (requested -> active):
  custom:framework-win-MediaFoundation: 216162199b28c13a410421893ffa2e32 -> 
  custom:video-decoder-ogg-theora: a1e56fd34408186e4bbccfd4996cb3dc -> 
  custom:container-muxer-webm: aa71ff27fc2769a1b78a27578f13a17b -> 
  custom:container-demuxer-webm: 4f35f7cbe854078d1ac9338744f61a02 -> 
  custom:container-demuxer-ogg: 62fdf1f143b41e24485cea50d1cbac27 -> 
  custom:video-encoder-webm-vp8: eb34c28f22e8b96e1ab97ce403110664 -> 
  custom:video-decoder-webm-vp8: 9c59270c3fd7afecdb556c50c9e8de78 -> 
  custom:audio-decoder-ogg-vorbis: bf7c407c2cedff20999df2af8eb42d56 -> 
  custom:audio-encoder-webm-vorbis: bf7c407c2cedff20999df2af8eb42d56 -> 
========================================================================
Received Prepare
Registering precompiled user dll's ...
Registered in 0.002007 seconds.
Begin MonoManager ReloadAssembly
Native extension for WindowsStandalone target not found
Refreshing native plugins compatible for Editor in 0.39 ms, found 2 plugins.
Preloading 0 native plugins for Editor in 0.00 ms.
Warning: Annotation not found!
UnityEngine.StackTraceUtility:ExtractStackTrace ()
UnityEditor.ProBuilder.EditorUtility:SetGizmoIconEnabled (System.Type,bool) (at Library/PackageCache/com.unity.probuilder@4.5.0/Editor/EditorCore/EditorUtility.cs:593)
UnityEditor.ProBuilder.HierarchyListener:.cctor () (at Library/PackageCache/com.unity.probuilder@4.5.0/Editor/EditorCore/HierarchyListener.cs:21)
System.Runtime.CompilerServices.RuntimeHelpers:RunClassConstructor (System.RuntimeTypeHandle)
UnityEditor.EditorAssemblies:ProcessInitializeOnLoadAttributes (System.Type[])

[Library/PackageCache/com.unity.probuilder@4.5.0/Editor/EditorCore/EditorUtility.cs line 593]

Mono: successfully reloaded assembly
- Completed reload, in  0.702 seconds
Platform modules already initialized, skipping
Refreshing native plugins compatible for Editor in 0.40 ms, found 2 plugins.
Preloading 0 native plugins for Editor in 0.00 ms.
Unloading 1995 Unused Serialized files (Serialized files now loaded: 0)
System memory in use before: 178.4 MB.
System memory in use after: 178.5 MB.

Unloading 14 unused Assets to reduce memory usage. Loaded Objects now: 2544.
Total: 1.710300 ms (FindLiveObjects: 0.149900 ms CreateObjectMapping: 0.057700 ms MarkObjects: 1.488500 ms  DeleteObjects: 0.013600 ms)

AssetImportParameters requested are different than current active one (requested -> active):
  custom:framework-win-MediaFoundation: 216162199b28c13a410421893ffa2e32 -> 
  custom:video-decoder-ogg-theora: a1e56fd34408186e4bbccfd4996cb3dc -> 
  custom:container-muxer-webm: aa71ff27fc2769a1b78a27578f13a17b -> 
  custom:container-demuxer-webm: 4f35f7cbe854078d1ac9338744f61a02 -> 
  custom:container-demuxer-ogg: 62fdf1f143b41e24485cea50d1cbac27 -> 
  custom:video-encoder-webm-vp8: eb34c28f22e8b96e1ab97ce403110664 -> 
  custom:video-decoder-webm-vp8: 9c59270c3fd7afecdb556c50c9e8de78 -> 
  custom:audio-decoder-ogg-vorbis: bf7c407c2cedff20999df2af8eb42d56 -> 
  custom:audio-encoder-webm-vorbis: bf7c407c2cedff20999df2af8eb42d56 -> 
AssetImportWorkerClient::OnTransportError - code=2 error=End of file
